2021-12-01 09:04:34.6633 INFO  Application started. Press Ctrl+C to shut down.  <>c.<ExecuteCallback>b__9_0 => <>c.<WaitForStartAsync>b__20_0 => ConsoleLifetime.OnApplicationStarted 
  

2021-12-01 09:04:37.6096 INFO  Hosting environment: Development  <>c.<ExecuteCallback>b__9_0 => <>c.<WaitForStartAsync>b__20_0 => ConsoleLifetime.OnApplicationStarted 
  

2021-12-01 09:04:38.0192 INFO  Content root path: E:\Joson\Net.Core\ElasticSearch.Kibana\Joson.ElasticSearch.Kibana\Elastic.Kibana.NLog\Elastic.Kibana.NLog  <>c.<ExecuteCallback>b__9_0 => <>c.<WaitForStartAsync>b__20_0 => ConsoleLifetime.OnApplicationStarted 
  

2021-12-01 09:48:11.6103 INFO  Application started. Press Ctrl+C to shut down.  <>c.<ExecuteCallback>b__9_0 => <>c.<WaitForStartAsync>b__20_0 => ConsoleLifetime.OnApplicationStarted 
  

2021-12-01 09:48:12.4474 INFO  Hosting environment: Development  <>c.<ExecuteCallback>b__9_0 => <>c.<WaitForStartAsync>b__20_0 => ConsoleLifetime.OnApplicationStarted 
  

2021-12-01 09:48:12.5254 INFO  Content root path: E:\Joson\Net.Core\ElasticSearch.Kibana\Joson.ElasticSearch.Kibana\Elastic.Kibana.NLog\Elastic.Kibana.NLog  <>c.<ExecuteCallback>b__9_0 => <>c.<WaitForStartAsync>b__20_0 => ConsoleLifetime.OnApplicationStarted 
  

2021-12-01 10:03:14.8554 INFO  Application started. Press Ctrl+C to shut down.  <>c.<ExecuteCallback>b__9_0 => <>c.<WaitForStartAsync>b__20_0 => ConsoleLifetime.OnApplicationStarted 
  

2021-12-01 10:03:17.1734 INFO  Hosting environment: Development  <>c.<ExecuteCallback>b__9_0 => <>c.<WaitForStartAsync>b__20_0 => ConsoleLifetime.OnApplicationStarted 
  

2021-12-01 10:03:17.4704 INFO  Content root path: E:\Joson\Net.Core\ElasticSearch.Kibana\Joson.ElasticSearch.Kibana\Elastic.Kibana.NLog\Elastic.Kibana.NLog  <>c.<ExecuteCallback>b__9_0 => <>c.<WaitForStartAsync>b__20_0 => ConsoleLifetime.OnApplicationStarted 
  

2021-12-01 10:26:37.0725 INFO  Application started. Press Ctrl+C to shut down.  <>c.<ExecuteCallback>b__9_0 => <>c.<WaitForStartAsync>b__20_0 => ConsoleLifetime.OnApplicationStarted 
  

2021-12-01 10:26:38.1086 INFO  Hosting environment: Development  <>c.<ExecuteCallback>b__9_0 => <>c.<WaitForStartAsync>b__20_0 => ConsoleLifetime.OnApplicationStarted 
  

2021-12-01 10:26:38.2046 INFO  Content root path: E:\Joson\Net.Core\ElasticSearch.Kibana\Joson.ElasticSearch.Kibana\Elastic.Kibana.NLog\Elastic.Kibana.NLog  <>c.<ExecuteCallback>b__9_0 => <>c.<WaitForStartAsync>b__20_0 => ConsoleLifetime.OnApplicationStarted 
  

2021-12-01 16:40:19.0300 INFO  Application started. Press Ctrl+C to shut down.  <>c.<ExecuteCallback>b__9_0 => <>c.<WaitForStartAsync>b__20_0 => ConsoleLifetime.OnApplicationStarted 
  

2021-12-01 16:40:19.3100 ERROR  LogError 9 executed at 12/01/2021 08:40:19  <Execute>d__0.MoveNext => <no type>.lambda_method7 => NLogController.Get 
  

2021-12-01 16:40:21.7773 INFO  Hosting environment: Development  <>c.<ExecuteCallback>b__9_0 => <>c.<WaitForStartAsync>b__20_0 => ConsoleLifetime.OnApplicationStarted 
  

2021-12-01 16:40:22.0943 WARN  LogWarning 9 executed at 12/01/2021 08:40:22  <Execute>d__0.MoveNext => <no type>.lambda_method7 => NLogController.Get 
  

2021-12-01 16:40:22.6904 INFO  Content root path: E:\Joson\Net.Core\ElasticSearch.Kibana\Joson.ElasticSearch.Kibana\Elastic.Kibana.NLog\Elastic.Kibana.NLog  <>c.<ExecuteCallback>b__9_0 => <>c.<WaitForStartAsync>b__20_0 => ConsoleLifetime.OnApplicationStarted 
  

2021-12-01 16:40:22.7634 INFO  Get 9 executed at 12/01/2021 08:40:22  <Execute>d__0.MoveNext => <no type>.lambda_method7 => NLogController.Get 
  

2021-12-01 16:40:23.1694 FATAL  LogCritical 9 executed at 12/01/2021 08:40:23  <Execute>d__0.MoveNext => <no type>.lambda_method7 => NLogController.Get 
  

2021-12-01 16:40:23.3024 INFO  你访问了首页。跟踪程序的一般流程。  <Execute>d__0.MoveNext => <no type>.lambda_method7 => NLogController.Get 
  

2021-12-01 16:40:23.3884 WARN  警告信息！因程序出现故障或其他不会导致程序停止的流程异常或意外事件。  <Execute>d__0.MoveNext => <no type>.lambda_method7 => NLogController.Get 
  

2021-12-01 16:40:23.6125 ERROR  错误信息。因某些故障停止工作  <Execute>d__0.MoveNext => <no type>.lambda_method7 => NLogController.Get 
  

2021-12-01 16:40:23.7485 FATAL  程序或系统崩溃、遇到灾难性故障！！！  <Execute>d__0.MoveNext => <no type>.lambda_method7 => NLogController.Get 
  

