2021-12-01 10:54:16 çº¿ç¨‹ID:[1] æ—¥å¿—çº§åˆ«:INFO  Microsoft.Hosting.Lifetime  -æè¿°: Application started. Press Ctrl+C to shut down.
 2021-12-01 10:54:17 çº¿ç¨‹ID:[1] æ—¥å¿—çº§åˆ«:INFO  Microsoft.Hosting.Lifetime  -æè¿°: Hosting environment: Development
 2021-12-01 10:54:17 çº¿ç¨‹ID:[1] æ—¥å¿—çº§åˆ«:INFO  Microsoft.Hosting.Lifetime  -æè¿°: Content root path: E:\Joson\Net.Core\ElasticSearch.Kibana\Joson.ElasticSearch.Kibana\Elastic.Kibana.Log4Net\Elastic.Kibana.Log4Net
 2021-12-01 10:58:31 çº¿ç¨‹ID:[12] æ—¥å¿—çº§åˆ«:WARN  Elastic.Kibana.Log4Net.Controllers.Log4NetController  -æè¿°: æµ‹è¯•æ—¥å¿—
 2021-12-01 10:58:33 çº¿ç¨‹ID:[12] æ—¥å¿—çº§åˆ«:INFO  Elastic.Kibana.Log4Net.Controllers.Log4NetController  -æè¿°: JosonRequest /WeatherForecast
 2021-12-01 10:58:33 çº¿ç¨‹ID:[12] æ—¥å¿—çº§åˆ«:ERROR Elastic.Kibana.Log4Net.Controllers.Log4NetController  -æè¿°: request api/values
 System.Exception: å‡ºé”™å•¦ï¼ï¼ï¼
2021-12-01 10:58:33 çº¿ç¨‹ID:[12] æ—¥å¿—çº§åˆ«:ERROR Elastic.Kibana.Log4Net.Controllers.Log4NetController  -æè¿°: è¿™æ˜¯ä¸€ä¸ªç®€å•æ—¥å¿—æµ‹è¯•
 2021-12-01 10:58:33 çº¿ç¨‹ID:[12] æ—¥å¿—çº§åˆ«:ERROR Elastic.Kibana.Log4Net.Controllers.Log4NetController  -æè¿°: é”™è¯¯ä¿¡æ¯ executed at 12/01/2021 02:58:33
 2021-12-01 10:58:33 çº¿ç¨‹ID:[12] æ—¥å¿—çº§åˆ«:WARN  Elastic.Kibana.Log4Net.Controllers.Log4NetController  -æè¿°: è­¦å‘Š; å‘Šè¯«; æé†’æ³¨æ„(å¯èƒ½å‘ç”Ÿçš„äº‹); ä½¿è­¦æƒ•; åŠå‘Š(ä½¿æœ‰æ‰€é˜²å¤‡) executed at 12/01/2021 02:58:33
 2021-12-01 10:58:33 çº¿ç¨‹ID:[12] æ—¥å¿—çº§åˆ«:FATAL Elastic.Kibana.Log4Net.Controllers.Log4NetController  -æè¿°: å…³é”®çš„; æ‰¹åˆ¤æ€§çš„; æ‰¹è¯„çš„; æŒ‘å‰”çš„; æé‡è¦çš„; è‡³å…³ç´§è¦çš„; ä¸¥é‡çš„; ä¸ç¨³å®šçš„; å¯èƒ½æœ‰å±é™©çš„; executed at 12/01/2021 02:58:33
 2021-12-01 11:01:16 çº¿ç¨‹ID:[1] æ—¥å¿—çº§åˆ«:INFO  Microsoft.Hosting.Lifetime  -æè¿°: Application started. Press Ctrl+C to shut down.
 2021-12-01 11:01:16 çº¿ç¨‹ID:[1] æ—¥å¿—çº§åˆ«:INFO  Microsoft.Hosting.Lifetime  -æè¿°: Application started. Press Ctrl+C to shut down.
 2021-12-01 11:01:16 çº¿ç¨‹ID:[1] æ—¥å¿—çº§åˆ«:INFO  Microsoft.Hosting.Lifetime  -æè¿°: Hosting environment: Development
 2021-12-01 11:01:16 çº¿ç¨‹ID:[1] æ—¥å¿—çº§åˆ«:INFO  Microsoft.Hosting.Lifetime  -æè¿°: Hosting environment: Development
 2021-12-01 11:01:16 çº¿ç¨‹ID:[1] æ—¥å¿—çº§åˆ«:INFO  Microsoft.Hosting.Lifetime  -æè¿°: Content root path: E:\Joson\Net.Core\ElasticSearch.Kibana\Joson.ElasticSearch.Kibana\Elastic.Kibana.Log4Net\Elastic.Kibana.Log4Net
 2021-12-01 11:01:16 çº¿ç¨‹ID:[1] æ—¥å¿—çº§åˆ«:INFO  Microsoft.Hosting.Lifetime  -æè¿°: Content root path: E:\Joson\Net.Core\ElasticSearch.Kibana\Joson.ElasticSearch.Kibana\Elastic.Kibana.Log4Net\Elastic.Kibana.Log4Net
 2021-12-01 11:01:16 çº¿ç¨‹ID:[4] æ—¥å¿—çº§åˆ«:WARN  Elastic.Kibana.Log4Net.Controllers.Log4NetController  -æè¿°: æµ‹è¯•æ—¥å¿—
 2021-12-01 11:01:16 çº¿ç¨‹ID:[4] æ—¥å¿—çº§åˆ«:WARN  Elastic.Kibana.Log4Net.Controllers.Log4NetController  -æè¿°: æµ‹è¯•æ—¥å¿—
 2021-12-01 11:01:18 çº¿ç¨‹ID:[4] æ—¥å¿—çº§åˆ«:INFO  Elastic.Kibana.Log4Net.Controllers.Log4NetController  -æè¿°: JosonRequest /WeatherForecast
 2021-12-01 11:01:18 çº¿ç¨‹ID:[4] æ—¥å¿—çº§åˆ«:INFO  Elastic.Kibana.Log4Net.Controllers.Log4NetController  -æè¿°: JosonRequest /WeatherForecast
 2021-12-01 11:01:18 çº¿ç¨‹ID:[4] æ—¥å¿—çº§åˆ«:ERROR Elastic.Kibana.Log4Net.Controllers.Log4NetController  -æè¿°: request api/values
 System.Exception: å‡ºé”™å•¦ï¼ï¼ï¼
2021-12-01 11:01:18 çº¿ç¨‹ID:[4] æ—¥å¿—çº§åˆ«:ERROR Elastic.Kibana.Log4Net.Controllers.Log4NetController  -æè¿°: request api/values
 System.Exception: å‡ºé”™å•¦ï¼ï¼ï¼
2021-12-01 11:01:18 çº¿ç¨‹ID:[4] æ—¥å¿—çº§åˆ«:ERROR Elastic.Kibana.Log4Net.Controllers.Log4NetController  -æè¿°: è¿™æ˜¯ä¸€ä¸ªç®€å•æ—¥å¿—æµ‹è¯•
 2021-12-01 11:01:18 çº¿ç¨‹ID:[4] æ—¥å¿—çº§åˆ«:ERROR Elastic.Kibana.Log4Net.Controllers.Log4NetController  -æè¿°: è¿™æ˜¯ä¸€ä¸ªç®€å•æ—¥å¿—æµ‹è¯•
 2021-12-01 11:01:18 çº¿ç¨‹ID:[4] æ—¥å¿—çº§åˆ«:ERROR Elastic.Kibana.Log4Net.Controllers.Log4NetController  -æè¿°: é”™è¯¯ä¿¡æ¯ executed at 12/01/2021 03:01:18
 2021-12-01 11:01:18 çº¿ç¨‹ID:[4] æ—¥å¿—çº§åˆ«:ERROR Elastic.Kibana.Log4Net.Controllers.Log4NetController  -æè¿°: é”™è¯¯ä¿¡æ¯ executed at 12/01/2021 03:01:18
 2021-12-01 11:01:18 çº¿ç¨‹ID:[4] æ—¥å¿—çº§åˆ«:WARN  Elastic.Kibana.Log4Net.Controllers.Log4NetController  -æè¿°: è­¦å‘Š; å‘Šè¯«; æé†’æ³¨æ„(å¯èƒ½å‘ç”Ÿçš„äº‹); ä½¿è­¦æƒ•; åŠå‘Š(ä½¿æœ‰æ‰€é˜²å¤‡) executed at 12/01/2021 03:01:18
 2021-12-01 11:01:18 çº¿ç¨‹ID:[4] æ—¥å¿—çº§åˆ«:WARN  Elastic.Kibana.Log4Net.Controllers.Log4NetController  -æè¿°: è­¦å‘Š; å‘Šè¯«; æé†’æ³¨æ„(å¯èƒ½å‘ç”Ÿçš„äº‹); ä½¿è­¦æƒ•; åŠå‘Š(ä½¿æœ‰æ‰€é˜²å¤‡) executed at 12/01/2021 03:01:18
 2021-12-01 11:01:18 çº¿ç¨‹ID:[4] æ—¥å¿—çº§åˆ«:FATAL Elastic.Kibana.Log4Net.Controllers.Log4NetController  -æè¿°: å…³é”®çš„; æ‰¹åˆ¤æ€§çš„; æ‰¹è¯„çš„; æŒ‘å‰”çš„; æé‡è¦çš„; è‡³å…³ç´§è¦çš„; ä¸¥é‡çš„; ä¸ç¨³å®šçš„; å¯èƒ½æœ‰å±é™©çš„; executed at 12/01/2021 03:01:18
 2021-12-01 11:01:18 çº¿ç¨‹ID:[4] æ—¥å¿—çº§åˆ«:FATAL Elastic.Kibana.Log4Net.Controllers.Log4NetController  -æè¿°: å…³é”®çš„; æ‰¹åˆ¤æ€§çš„; æ‰¹è¯„çš„; æŒ‘å‰”çš„; æé‡è¦çš„; è‡³å…³ç´§è¦çš„; ä¸¥é‡çš„; ä¸ç¨³å®šçš„; å¯èƒ½æœ‰å±é™©çš„; executed at 12/01/2021 03:01:18
 2021-12-01 11:02:25 çº¿ç¨‹ID:[12] æ—¥å¿—çº§åˆ«:WARN  Elastic.Kibana.Log4Net.Controllers.Log4NetController  -æè¿°: æµ‹è¯•æ—¥å¿—
 2021-12-01 11:02:25 çº¿ç¨‹ID:[12] æ—¥å¿—çº§åˆ«:WARN  Elastic.Kibana.Log4Net.Controllers.Log4NetController  -æè¿°: æµ‹è¯•æ—¥å¿—
 2021-12-01 11:02:28 çº¿ç¨‹ID:[12] æ—¥å¿—çº§åˆ«:INFO  Elastic.Kibana.Log4Net.Controllers.Log4NetController  -æè¿°: JosonRequest /WeatherForecast
 2021-12-01 11:02:28 çº¿ç¨‹ID:[12] æ—¥å¿—çº§åˆ«:INFO  Elastic.Kibana.Log4Net.Controllers.Log4NetController  -æè¿°: JosonRequest /WeatherForecast
 2021-12-01 11:02:29 çº¿ç¨‹ID:[12] æ—¥å¿—çº§åˆ«:ERROR Elastic.Kibana.Log4Net.Controllers.Log4NetController  -æè¿°: request api/values
 System.Exception: å‡ºé”™å•¦ï¼ï¼ï¼
2021-12-01 11:02:29 çº¿ç¨‹ID:[12] æ—¥å¿—çº§åˆ«:ERROR Elastic.Kibana.Log4Net.Controllers.Log4NetController  -æè¿°: request api/values
 System.Exception: å‡ºé”™å•¦ï¼ï¼ï¼
2021-12-01 11:02:29 çº¿ç¨‹ID:[12] æ—¥å¿—çº§åˆ«:ERROR Elastic.Kibana.Log4Net.Controllers.Log4NetController  -æè¿°: è¿™æ˜¯ä¸€ä¸ªç®€å•æ—¥å¿—æµ‹è¯•
 2021-12-01 11:02:29 çº¿ç¨‹ID:[12] æ—¥å¿—çº§åˆ«:ERROR Elastic.Kibana.Log4Net.Controllers.Log4NetController  -æè¿°: è¿™æ˜¯ä¸€ä¸ªç®€å•æ—¥å¿—æµ‹è¯•
 2021-12-01 11:02:29 çº¿ç¨‹ID:[12] æ—¥å¿—çº§åˆ«:ERROR Elastic.Kibana.Log4Net.Controllers.Log4NetController  -æè¿°: é”™è¯¯ä¿¡æ¯ executed at 12/01/2021 03:02:29
 2021-12-01 11:02:29 çº¿ç¨‹ID:[12] æ—¥å¿—çº§åˆ«:ERROR Elastic.Kibana.Log4Net.Controllers.Log4NetController  -æè¿°: é”™è¯¯ä¿¡æ¯ executed at 12/01/2021 03:02:29
 2021-12-01 11:02:31 çº¿ç¨‹ID:[12] æ—¥å¿—çº§åˆ«:WARN  Elastic.Kibana.Log4Net.Controllers.Log4NetController  -æè¿°: è­¦å‘Š; å‘Šè¯«; æé†’æ³¨æ„(å¯èƒ½å‘ç”Ÿçš„äº‹); ä½¿è­¦æƒ•; åŠå‘Š(ä½¿æœ‰æ‰€é˜²å¤‡) executed at 12/01/2021 03:02:31
 2021-12-01 11:02:31 çº¿ç¨‹ID:[12] æ—¥å¿—çº§åˆ«:WARN  Elastic.Kibana.Log4Net.Controllers.Log4NetController  -æè¿°: è­¦å‘Š; å‘Šè¯«; æé†’æ³¨æ„(å¯èƒ½å‘ç”Ÿçš„äº‹); ä½¿è­¦æƒ•; åŠå‘Š(ä½¿æœ‰æ‰€é˜²å¤‡) executed at 12/01/2021 03:02:31
 2021-12-01 11:02:31 çº¿ç¨‹ID:[12] æ—¥å¿—çº§åˆ«:FATAL Elastic.Kibana.Log4Net.Controllers.Log4NetController  -æè¿°: å…³é”®çš„; æ‰¹åˆ¤æ€§çš„; æ‰¹è¯„çš„; æŒ‘å‰”çš„; æé‡è¦çš„; è‡³å…³ç´§è¦çš„; ä¸¥é‡çš„; ä¸ç¨³å®šçš„; å¯èƒ½æœ‰å±é™©çš„; executed at 12/01/2021 03:02:31
 2021-12-01 11:02:31 çº¿ç¨‹ID:[12] æ—¥å¿—çº§åˆ«:FATAL Elastic.Kibana.Log4Net.Controllers.Log4NetController  -æè¿°: å…³é”®çš„; æ‰¹åˆ¤æ€§çš„; æ‰¹è¯„çš„; æŒ‘å‰”çš„; æé‡è¦çš„; è‡³å…³ç´§è¦çš„; ä¸¥é‡çš„; ä¸ç¨³å®šçš„; å¯èƒ½æœ‰å±é™©çš„; executed at 12/01/2021 03:02:31
 2021-12-01 11:11:17 Ïß³ÌID:[1] ÈÕÖ¾¼¶±ğ:INFO  Microsoft.Hosting.Lifetime  -ÃèÊö: Application started. Press Ctrl+C to shut down.
 2021-12-01 11:11:17 Ïß³ÌID:[7] ÈÕÖ¾¼¶±ğ:WARN  Elastic.Kibana.Log4Net.Controllers.Log4NetController  -ÃèÊö: ²âÊÔÈÕÖ¾
 2021-12-01 11:11:17 Ïß³ÌID:[1] ÈÕÖ¾¼¶±ğ:INFO  Microsoft.Hosting.Lifetime  -ÃèÊö: Application started. Press Ctrl+C to shut down.
 2021-12-01 11:11:17 Ïß³ÌID:[7] ÈÕÖ¾¼¶±ğ:WARN  Elastic.Kibana.Log4Net.Controllers.Log4NetController  -ÃèÊö: ²âÊÔÈÕÖ¾
 2021-12-01 11:11:17 Ïß³ÌID:[1] ÈÕÖ¾¼¶±ğ:INFO  Microsoft.Hosting.Lifetime  -ÃèÊö: Hosting environment: Development
 2021-12-01 11:11:19 Ïß³ÌID:[7] ÈÕÖ¾¼¶±ğ:INFO  Elastic.Kibana.Log4Net.Controllers.Log4NetController  -ÃèÊö: JosonRequest /WeatherForecast
 2021-12-01 11:11:19 Ïß³ÌID:[1] ÈÕÖ¾¼¶±ğ:INFO  Microsoft.Hosting.Lifetime  -ÃèÊö: Hosting environment: Development
 2021-12-01 11:11:19 Ïß³ÌID:[7] ÈÕÖ¾¼¶±ğ:INFO  Elastic.Kibana.Log4Net.Controllers.Log4NetController  -ÃèÊö: JosonRequest /WeatherForecast
 2021-12-01 11:11:19 Ïß³ÌID:[1] ÈÕÖ¾¼¶±ğ:INFO  Microsoft.Hosting.Lifetime  -ÃèÊö: Content root path: E:\Joson\Net.Core\ElasticSearch.Kibana\Joson.ElasticSearch.Kibana\Elastic.Kibana.Log4Net\Elastic.Kibana.Log4Net
 2021-12-01 11:11:19 Ïß³ÌID:[7] ÈÕÖ¾¼¶±ğ:ERROR Elastic.Kibana.Log4Net.Controllers.Log4NetController  -ÃèÊö: request api/values
 System.Exception: ³ö´íÀ²£¡£¡£¡
2021-12-01 11:11:19 Ïß³ÌID:[1] ÈÕÖ¾¼¶±ğ:INFO  Microsoft.Hosting.Lifetime  -ÃèÊö: Content root path: E:\Joson\Net.Core\ElasticSearch.Kibana\Joson.ElasticSearch.Kibana\Elastic.Kibana.Log4Net\Elastic.Kibana.Log4Net
 2021-12-01 11:11:19 Ïß³ÌID:[7] ÈÕÖ¾¼¶±ğ:ERROR Elastic.Kibana.Log4Net.Controllers.Log4NetController  -ÃèÊö: request api/values
 System.Exception: ³ö´íÀ²£¡£¡£¡
2021-12-01 11:11:19 Ïß³ÌID:[7] ÈÕÖ¾¼¶±ğ:ERROR Elastic.Kibana.Log4Net.Controllers.Log4NetController  -ÃèÊö: ÕâÊÇÒ»¸ö¼òµ¥ÈÕÖ¾²âÊÔ
 2021-12-01 11:11:19 Ïß³ÌID:[7] ÈÕÖ¾¼¶±ğ:ERROR Elastic.Kibana.Log4Net.Controllers.Log4NetController  -ÃèÊö: ÕâÊÇÒ»¸ö¼òµ¥ÈÕÖ¾²âÊÔ
 2021-12-01 11:11:19 Ïß³ÌID:[7] ÈÕÖ¾¼¶±ğ:ERROR Elastic.Kibana.Log4Net.Controllers.Log4NetController  -ÃèÊö: ´íÎóĞÅÏ¢ executed at 12/01/2021 03:11:19
 2021-12-01 11:11:19 Ïß³ÌID:[7] ÈÕÖ¾¼¶±ğ:ERROR Elastic.Kibana.Log4Net.Controllers.Log4NetController  -ÃèÊö: ´íÎóĞÅÏ¢ executed at 12/01/2021 03:11:19
 2021-12-01 11:11:19 Ïß³ÌID:[7] ÈÕÖ¾¼¶±ğ:WARN  Elastic.Kibana.Log4Net.Controllers.Log4NetController  -ÃèÊö: ¾¯¸æ; ¸æ½ë; ÌáĞÑ×¢Òâ(¿ÉÄÜ·¢ÉúµÄÊÂ); Ê¹¾¯Ìè; È°¸æ(Ê¹ÓĞËù·À±¸) executed at 12/01/2021 03:11:19
 2021-12-01 11:11:19 Ïß³ÌID:[7] ÈÕÖ¾¼¶±ğ:WARN  Elastic.Kibana.Log4Net.Controllers.Log4NetController  -ÃèÊö: ¾¯¸æ; ¸æ½ë; ÌáĞÑ×¢Òâ(¿ÉÄÜ·¢ÉúµÄÊÂ); Ê¹¾¯Ìè; È°¸æ(Ê¹ÓĞËù·À±¸) executed at 12/01/2021 03:11:19
 2021-12-01 11:11:19 Ïß³ÌID:[7] ÈÕÖ¾¼¶±ğ:FATAL Elastic.Kibana.Log4Net.Controllers.Log4NetController  -ÃèÊö: ¹Ø¼üµÄ; ÅúÅĞĞÔµÄ; ÅúÆÀµÄ; ÌôÌŞµÄ; ¼«ÖØÒªµÄ; ÖÁ¹Ø½ôÒªµÄ; ÑÏÖØµÄ; ²»ÎÈ¶¨µÄ; ¿ÉÄÜÓĞÎ£ÏÕµÄ; executed at 12/01/2021 03:11:19
 2021-12-01 11:11:19 Ïß³ÌID:[7] ÈÕÖ¾¼¶±ğ:FATAL Elastic.Kibana.Log4Net.Controllers.Log4NetController  -ÃèÊö: ¹Ø¼üµÄ; ÅúÅĞĞÔµÄ; ÅúÆÀµÄ; ÌôÌŞµÄ; ¼«ÖØÒªµÄ; ÖÁ¹Ø½ôÒªµÄ; ÑÏÖØµÄ; ²»ÎÈ¶¨µÄ; ¿ÉÄÜÓĞÎ£ÏÕµÄ; executed at 12/01/2021 03:11:19
 2021-12-01 11:25:21 Ïß³ÌID:[1] ÈÕÖ¾¼¶±ğ:INFO  Microsoft.Hosting.Lifetime  -ÃèÊö: Application started. Press Ctrl+C to shut down.
 2021-12-01 11:25:22 Ïß³ÌID:[5] ÈÕÖ¾¼¶±ğ:WARN  Elastic.Kibana.Log4Net.Controllers.Log4NetController  -ÃèÊö: ²âÊÔÈÕÖ¾
 2021-12-01 11:25:22 Ïß³ÌID:[1] ÈÕÖ¾¼¶±ğ:INFO  Microsoft.Hosting.Lifetime  -ÃèÊö: Application started. Press Ctrl+C to shut down.
 2021-12-01 11:25:22 Ïß³ÌID:[5] ÈÕÖ¾¼¶±ğ:WARN  Elastic.Kibana.Log4Net.Controllers.Log4NetController  -ÃèÊö: ²âÊÔÈÕÖ¾
 2021-12-01 11:25:22 Ïß³ÌID:[1] ÈÕÖ¾¼¶±ğ:INFO  Microsoft.Hosting.Lifetime  -ÃèÊö: Hosting environment: Development
 2021-12-01 11:25:24 Ïß³ÌID:[5] ÈÕÖ¾¼¶±ğ:INFO  Elastic.Kibana.Log4Net.Controllers.Log4NetController  -ÃèÊö: JosonRequest /WeatherForecast
 2021-12-01 11:25:24 Ïß³ÌID:[1] ÈÕÖ¾¼¶±ğ:INFO  Microsoft.Hosting.Lifetime  -ÃèÊö: Hosting environment: Development
 2021-12-01 11:25:24 Ïß³ÌID:[5] ÈÕÖ¾¼¶±ğ:INFO  Elastic.Kibana.Log4Net.Controllers.Log4NetController  -ÃèÊö: JosonRequest /WeatherForecast
 2021-12-01 11:25:25 Ïß³ÌID:[1] ÈÕÖ¾¼¶±ğ:INFO  Microsoft.Hosting.Lifetime  -ÃèÊö: Content root path: E:\Joson\Net.Core\ElasticSearch.Kibana\Joson.ElasticSearch.Kibana\Elastic.Kibana.Log4Net\Elastic.Kibana.Log4Net
 2021-12-01 11:25:25 Ïß³ÌID:[5] ÈÕÖ¾¼¶±ğ:ERROR Elastic.Kibana.Log4Net.Controllers.Log4NetController  -ÃèÊö: request api/values
 System.Exception: ³ö´íÀ²£¡£¡£¡
2021-12-01 11:25:25 Ïß³ÌID:[1] ÈÕÖ¾¼¶±ğ:INFO  Microsoft.Hosting.Lifetime  -ÃèÊö: Content root path: E:\Joson\Net.Core\ElasticSearch.Kibana\Joson.ElasticSearch.Kibana\Elastic.Kibana.Log4Net\Elastic.Kibana.Log4Net
 2021-12-01 11:25:25 Ïß³ÌID:[5] ÈÕÖ¾¼¶±ğ:ERROR Elastic.Kibana.Log4Net.Controllers.Log4NetController  -ÃèÊö: request api/values
 System.Exception: ³ö´íÀ²£¡£¡£¡
2021-12-01 11:25:25 Ïß³ÌID:[5] ÈÕÖ¾¼¶±ğ:ERROR Elastic.Kibana.Log4Net.Controllers.Log4NetController  -ÃèÊö: ÕâÊÇÒ»¸ö¼òµ¥ÈÕÖ¾²âÊÔ
 2021-12-01 11:25:26 Ïß³ÌID:[5] ÈÕÖ¾¼¶±ğ:ERROR Elastic.Kibana.Log4Net.Controllers.Log4NetController  -ÃèÊö: ÕâÊÇÒ»¸ö¼òµ¥ÈÕÖ¾²âÊÔ
 2021-12-01 11:25:26 Ïß³ÌID:[5] ÈÕÖ¾¼¶±ğ:ERROR Elastic.Kibana.Log4Net.Controllers.Log4NetController  -ÃèÊö: ´íÎóĞÅÏ¢ executed at 12/01/2021 03:25:26
 2021-12-01 11:25:26 Ïß³ÌID:[5] ÈÕÖ¾¼¶±ğ:ERROR Elastic.Kibana.Log4Net.Controllers.Log4NetController  -ÃèÊö: ´íÎóĞÅÏ¢ executed at 12/01/2021 03:25:26
 2021-12-01 11:25:26 Ïß³ÌID:[5] ÈÕÖ¾¼¶±ğ:WARN  Elastic.Kibana.Log4Net.Controllers.Log4NetController  -ÃèÊö: ¾¯¸æ; ¸æ½ë; ÌáĞÑ×¢Òâ(¿ÉÄÜ·¢ÉúµÄÊÂ); Ê¹¾¯Ìè; È°¸æ(Ê¹ÓĞËù·À±¸) executed at 12/01/2021 03:25:26
 2021-12-01 11:25:26 Ïß³ÌID:[5] ÈÕÖ¾¼¶±ğ:WARN  Elastic.Kibana.Log4Net.Controllers.Log4NetController  -ÃèÊö: ¾¯¸æ; ¸æ½ë; ÌáĞÑ×¢Òâ(¿ÉÄÜ·¢ÉúµÄÊÂ); Ê¹¾¯Ìè; È°¸æ(Ê¹ÓĞËù·À±¸) executed at 12/01/2021 03:25:26
 2021-12-01 11:25:26 Ïß³ÌID:[5] ÈÕÖ¾¼¶±ğ:FATAL Elastic.Kibana.Log4Net.Controllers.Log4NetController  -ÃèÊö: ¹Ø¼üµÄ; ÅúÅĞĞÔµÄ; ÅúÆÀµÄ; ÌôÌŞµÄ; ¼«ÖØÒªµÄ; ÖÁ¹Ø½ôÒªµÄ; ÑÏÖØµÄ; ²»ÎÈ¶¨µÄ; ¿ÉÄÜÓĞÎ£ÏÕµÄ; executed at 12/01/2021 03:25:26
 2021-12-01 11:25:27 Ïß³ÌID:[5] ÈÕÖ¾¼¶±ğ:FATAL Elastic.Kibana.Log4Net.Controllers.Log4NetController  -ÃèÊö: ¹Ø¼üµÄ; ÅúÅĞĞÔµÄ; ÅúÆÀµÄ; ÌôÌŞµÄ; ¼«ÖØÒªµÄ; ÖÁ¹Ø½ôÒªµÄ; ÑÏÖØµÄ; ²»ÎÈ¶¨µÄ; ¿ÉÄÜÓĞÎ£ÏÕµÄ; executed at 12/01/2021 03:25:26
 2021-12-01 11:30:47 Ïß³ÌID:[1] ÈÕÖ¾¼¶±ğ:INFO  Microsoft.Hosting.Lifetime  -ÃèÊö: Application started. Press Ctrl+C to shut down.
 2021-12-01 11:30:47 Ïß³ÌID:[9] ÈÕÖ¾¼¶±ğ:WARN  Elastic.Kibana.Log4Net.Controllers.Log4NetController  -ÃèÊö: ²âÊÔÈÕÖ¾
 2021-12-01 11:30:47 Ïß³ÌID:[1] ÈÕÖ¾¼¶±ğ:INFO  Microsoft.Hosting.Lifetime  -ÃèÊö: Application started. Press Ctrl+C to shut down.
 2021-12-01 11:30:47 Ïß³ÌID:[9] ÈÕÖ¾¼¶±ğ:WARN  Elastic.Kibana.Log4Net.Controllers.Log4NetController  -ÃèÊö: ²âÊÔÈÕÖ¾
 2021-12-01 11:30:48 Ïß³ÌID:[1] ÈÕÖ¾¼¶±ğ:INFO  Microsoft.Hosting.Lifetime  -ÃèÊö: Hosting environment: Development
 2021-12-01 11:30:50 Ïß³ÌID:[9] ÈÕÖ¾¼¶±ğ:INFO  Elastic.Kibana.Log4Net.Controllers.Log4NetController  -ÃèÊö: JosonRequest /WeatherForecast
 2021-12-01 11:30:50 Ïß³ÌID:[1] ÈÕÖ¾¼¶±ğ:INFO  Microsoft.Hosting.Lifetime  -ÃèÊö: Hosting environment: Development
 2021-12-01 11:30:50 Ïß³ÌID:[9] ÈÕÖ¾¼¶±ğ:INFO  Elastic.Kibana.Log4Net.Controllers.Log4NetController  -ÃèÊö: JosonRequest /WeatherForecast
 2021-12-01 11:30:50 Ïß³ÌID:[1] ÈÕÖ¾¼¶±ğ:INFO  Microsoft.Hosting.Lifetime  -ÃèÊö: Content root path: E:\Joson\Net.Core\ElasticSearch.Kibana\Joson.ElasticSearch.Kibana\Elastic.Kibana.Log4Net\Elastic.Kibana.Log4Net
 2021-12-01 11:30:50 Ïß³ÌID:[9] ÈÕÖ¾¼¶±ğ:ERROR Elastic.Kibana.Log4Net.Controllers.Log4NetController  -ÃèÊö: request api/values
 System.Exception: ³ö´íÀ²£¡£¡£¡
2021-12-01 11:30:50 Ïß³ÌID:[1] ÈÕÖ¾¼¶±ğ:INFO  Microsoft.Hosting.Lifetime  -ÃèÊö: Content root path: E:\Joson\Net.Core\ElasticSearch.Kibana\Joson.ElasticSearch.Kibana\Elastic.Kibana.Log4Net\Elastic.Kibana.Log4Net
 2021-12-01 11:30:50 Ïß³ÌID:[9] ÈÕÖ¾¼¶±ğ:ERROR Elastic.Kibana.Log4Net.Controllers.Log4NetController  -ÃèÊö: request api/values
 System.Exception: ³ö´íÀ²£¡£¡£¡
2021-12-01 11:30:51 Ïß³ÌID:[9] ÈÕÖ¾¼¶±ğ:ERROR Elastic.Kibana.Log4Net.Controllers.Log4NetController  -ÃèÊö: ÕâÊÇÒ»¸ö¼òµ¥ÈÕÖ¾²âÊÔ
 2021-12-01 11:30:51 Ïß³ÌID:[9] ÈÕÖ¾¼¶±ğ:ERROR Elastic.Kibana.Log4Net.Controllers.Log4NetController  -ÃèÊö: ÕâÊÇÒ»¸ö¼òµ¥ÈÕÖ¾²âÊÔ
 2021-12-01 11:30:51 Ïß³ÌID:[9] ÈÕÖ¾¼¶±ğ:ERROR Elastic.Kibana.Log4Net.Controllers.Log4NetController  -ÃèÊö: ´íÎóĞÅÏ¢ executed at 12/01/2021 03:30:51
 2021-12-01 11:30:51 Ïß³ÌID:[9] ÈÕÖ¾¼¶±ğ:ERROR Elastic.Kibana.Log4Net.Controllers.Log4NetController  -ÃèÊö: ´íÎóĞÅÏ¢ executed at 12/01/2021 03:30:51
 2021-12-01 11:30:51 Ïß³ÌID:[9] ÈÕÖ¾¼¶±ğ:WARN  Elastic.Kibana.Log4Net.Controllers.Log4NetController  -ÃèÊö: ¾¯¸æ; ¸æ½ë; ÌáĞÑ×¢Òâ(¿ÉÄÜ·¢ÉúµÄÊÂ); Ê¹¾¯Ìè; È°¸æ(Ê¹ÓĞËù·À±¸) executed at 12/01/2021 03:30:51
 2021-12-01 11:30:51 Ïß³ÌID:[9] ÈÕÖ¾¼¶±ğ:WARN  Elastic.Kibana.Log4Net.Controllers.Log4NetController  -ÃèÊö: ¾¯¸æ; ¸æ½ë; ÌáĞÑ×¢Òâ(¿ÉÄÜ·¢ÉúµÄÊÂ); Ê¹¾¯Ìè; È°¸æ(Ê¹ÓĞËù·À±¸) executed at 12/01/2021 03:30:51
 2021-12-01 11:30:52 Ïß³ÌID:[9] ÈÕÖ¾¼¶±ğ:FATAL Elastic.Kibana.Log4Net.Controllers.Log4NetController  -ÃèÊö: ¹Ø¼üµÄ; ÅúÅĞĞÔµÄ; ÅúÆÀµÄ; ÌôÌŞµÄ; ¼«ÖØÒªµÄ; ÖÁ¹Ø½ôÒªµÄ; ÑÏÖØµÄ; ²»ÎÈ¶¨µÄ; ¿ÉÄÜÓĞÎ£ÏÕµÄ; executed at 12/01/2021 03:30:52
 2021-12-01 11:30:52 Ïß³ÌID:[9] ÈÕÖ¾¼¶±ğ:FATAL Elastic.Kibana.Log4Net.Controllers.Log4NetController  -ÃèÊö: ¹Ø¼üµÄ; ÅúÅĞĞÔµÄ; ÅúÆÀµÄ; ÌôÌŞµÄ; ¼«ÖØÒªµÄ; ÖÁ¹Ø½ôÒªµÄ; ÑÏÖØµÄ; ²»ÎÈ¶¨µÄ; ¿ÉÄÜÓĞÎ£ÏÕµÄ; executed at 12/01/2021 03:30:52
 2021-12-01 11:31:09 Ïß³ÌID:[4] ÈÕÖ¾¼¶±ğ:WARN  Elastic.Kibana.Log4Net.Controllers.Log4NetController  -ÃèÊö: ²âÊÔÈÕÖ¾
 2021-12-01 11:31:09 Ïß³ÌID:[4] ÈÕÖ¾¼¶±ğ:WARN  Elastic.Kibana.Log4Net.Controllers.Log4NetController  -ÃèÊö: ²âÊÔÈÕÖ¾
 2021-12-01 11:31:12 Ïß³ÌID:[4] ÈÕÖ¾¼¶±ğ:INFO  Elastic.Kibana.Log4Net.Controllers.Log4NetController  -ÃèÊö: JosonRequest /WeatherForecast
 2021-12-01 11:31:12 Ïß³ÌID:[4] ÈÕÖ¾¼¶±ğ:INFO  Elastic.Kibana.Log4Net.Controllers.Log4NetController  -ÃèÊö: JosonRequest /WeatherForecast
 2021-12-01 11:31:12 Ïß³ÌID:[4] ÈÕÖ¾¼¶±ğ:ERROR Elastic.Kibana.Log4Net.Controllers.Log4NetController  -ÃèÊö: request api/values
 System.Exception: ³ö´íÀ²£¡£¡£¡
2021-12-01 11:31:13 Ïß³ÌID:[4] ÈÕÖ¾¼¶±ğ:ERROR Elastic.Kibana.Log4Net.Controllers.Log4NetController  -ÃèÊö: request api/values
 System.Exception: ³ö´íÀ²£¡£¡£¡
2021-12-01 11:31:13 Ïß³ÌID:[4] ÈÕÖ¾¼¶±ğ:ERROR Elastic.Kibana.Log4Net.Controllers.Log4NetController  -ÃèÊö: ÕâÊÇÒ»¸ö¼òµ¥ÈÕÖ¾²âÊÔ
 2021-12-01 11:31:13 Ïß³ÌID:[4] ÈÕÖ¾¼¶±ğ:ERROR Elastic.Kibana.Log4Net.Controllers.Log4NetController  -ÃèÊö: ÕâÊÇÒ»¸ö¼òµ¥ÈÕÖ¾²âÊÔ
 2021-12-01 11:31:13 Ïß³ÌID:[4] ÈÕÖ¾¼¶±ğ:ERROR Elastic.Kibana.Log4Net.Controllers.Log4NetController  -ÃèÊö: ´íÎóĞÅÏ¢ executed at 12/01/2021 03:31:13
 2021-12-01 11:31:13 Ïß³ÌID:[4] ÈÕÖ¾¼¶±ğ:ERROR Elastic.Kibana.Log4Net.Controllers.Log4NetController  -ÃèÊö: ´íÎóĞÅÏ¢ executed at 12/01/2021 03:31:13
 2021-12-01 11:31:13 Ïß³ÌID:[4] ÈÕÖ¾¼¶±ğ:WARN  Elastic.Kibana.Log4Net.Controllers.Log4NetController  -ÃèÊö: ¾¯¸æ; ¸æ½ë; ÌáĞÑ×¢Òâ(¿ÉÄÜ·¢ÉúµÄÊÂ); Ê¹¾¯Ìè; È°¸æ(Ê¹ÓĞËù·À±¸) executed at 12/01/2021 03:31:13
 2021-12-01 11:31:14 Ïß³ÌID:[4] ÈÕÖ¾¼¶±ğ:WARN  Elastic.Kibana.Log4Net.Controllers.Log4NetController  -ÃèÊö: ¾¯¸æ; ¸æ½ë; ÌáĞÑ×¢Òâ(¿ÉÄÜ·¢ÉúµÄÊÂ); Ê¹¾¯Ìè; È°¸æ(Ê¹ÓĞËù·À±¸) executed at 12/01/2021 03:31:13
 2021-12-01 11:31:14 Ïß³ÌID:[4] ÈÕÖ¾¼¶±ğ:FATAL Elastic.Kibana.Log4Net.Controllers.Log4NetController  -ÃèÊö: ¹Ø¼üµÄ; ÅúÅĞĞÔµÄ; ÅúÆÀµÄ; ÌôÌŞµÄ; ¼«ÖØÒªµÄ; ÖÁ¹Ø½ôÒªµÄ; ÑÏÖØµÄ; ²»ÎÈ¶¨µÄ; ¿ÉÄÜÓĞÎ£ÏÕµÄ; executed at 12/01/2021 03:31:14
 2021-12-01 11:31:14 Ïß³ÌID:[4] ÈÕÖ¾¼¶±ğ:FATAL Elastic.Kibana.Log4Net.Controllers.Log4NetController  -ÃèÊö: ¹Ø¼üµÄ; ÅúÅĞĞÔµÄ; ÅúÆÀµÄ; ÌôÌŞµÄ; ¼«ÖØÒªµÄ; ÖÁ¹Ø½ôÒªµÄ; ÑÏÖØµÄ; ²»ÎÈ¶¨µÄ; ¿ÉÄÜÓĞÎ£ÏÕµÄ; executed at 12/01/2021 03:31:14
 2021-12-01 11:32:15 Ïß³ÌID:[11] ÈÕÖ¾¼¶±ğ:WARN  Elastic.Kibana.Log4Net.Controllers.Log4NetController  -ÃèÊö: ²âÊÔÈÕÖ¾
 2021-12-01 11:32:15 Ïß³ÌID:[11] ÈÕÖ¾¼¶±ğ:WARN  Elastic.Kibana.Log4Net.Controllers.Log4NetController  -ÃèÊö: ²âÊÔÈÕÖ¾
 2021-12-01 11:32:16 Ïß³ÌID:[11] ÈÕÖ¾¼¶±ğ:INFO  Elastic.Kibana.Log4Net.Controllers.Log4NetController  -ÃèÊö: JosonRequest /WeatherForecast
 2021-12-01 11:32:17 Ïß³ÌID:[11] ÈÕÖ¾¼¶±ğ:INFO  Elastic.Kibana.Log4Net.Controllers.Log4NetController  -ÃèÊö: JosonRequest /WeatherForecast
 2021-12-01 11:32:17 Ïß³ÌID:[11] ÈÕÖ¾¼¶±ğ:ERROR Elastic.Kibana.Log4Net.Controllers.Log4NetController  -ÃèÊö: request api/values
 System.Exception: ³ö´íÀ²£¡£¡£¡
2021-12-01 11:32:17 Ïß³ÌID:[11] ÈÕÖ¾¼¶±ğ:ERROR Elastic.Kibana.Log4Net.Controllers.Log4NetController  -ÃèÊö: request api/values
 System.Exception: ³ö´íÀ²£¡£¡£¡
2021-12-01 11:32:17 Ïß³ÌID:[11] ÈÕÖ¾¼¶±ğ:ERROR Elastic.Kibana.Log4Net.Controllers.Log4NetController  -ÃèÊö: ÕâÊÇÒ»¸ö¼òµ¥ÈÕÖ¾²âÊÔ
 2021-12-01 11:32:17 Ïß³ÌID:[11] ÈÕÖ¾¼¶±ğ:ERROR Elastic.Kibana.Log4Net.Controllers.Log4NetController  -ÃèÊö: ÕâÊÇÒ»¸ö¼òµ¥ÈÕÖ¾²âÊÔ
 2021-12-01 11:32:17 Ïß³ÌID:[11] ÈÕÖ¾¼¶±ğ:ERROR Elastic.Kibana.Log4Net.Controllers.Log4NetController  -ÃèÊö: ´íÎóĞÅÏ¢ executed at 12/01/2021 03:32:17
 2021-12-01 11:32:18 Ïß³ÌID:[11] ÈÕÖ¾¼¶±ğ:ERROR Elastic.Kibana.Log4Net.Controllers.Log4NetController  -ÃèÊö: ´íÎóĞÅÏ¢ executed at 12/01/2021 03:32:17
 2021-12-01 11:32:18 Ïß³ÌID:[11] ÈÕÖ¾¼¶±ğ:WARN  Elastic.Kibana.Log4Net.Controllers.Log4NetController  -ÃèÊö: ¾¯¸æ; ¸æ½ë; ÌáĞÑ×¢Òâ(¿ÉÄÜ·¢ÉúµÄÊÂ); Ê¹¾¯Ìè; È°¸æ(Ê¹ÓĞËù·À±¸) executed at 12/01/2021 03:32:18
 2021-12-01 11:32:18 Ïß³ÌID:[11] ÈÕÖ¾¼¶±ğ:WARN  Elastic.Kibana.Log4Net.Controllers.Log4NetController  -ÃèÊö: ¾¯¸æ; ¸æ½ë; ÌáĞÑ×¢Òâ(¿ÉÄÜ·¢ÉúµÄÊÂ); Ê¹¾¯Ìè; È°¸æ(Ê¹ÓĞËù·À±¸) executed at 12/01/2021 03:32:18
 2021-12-01 11:32:18 Ïß³ÌID:[11] ÈÕÖ¾¼¶±ğ:FATAL Elastic.Kibana.Log4Net.Controllers.Log4NetController  -ÃèÊö: ¹Ø¼üµÄ; ÅúÅĞĞÔµÄ; ÅúÆÀµÄ; ÌôÌŞµÄ; ¼«ÖØÒªµÄ; ÖÁ¹Ø½ôÒªµÄ; ÑÏÖØµÄ; ²»ÎÈ¶¨µÄ; ¿ÉÄÜÓĞÎ£ÏÕµÄ; executed at 12/01/2021 03:32:18
 2021-12-01 11:32:18 Ïß³ÌID:[11] ÈÕÖ¾¼¶±ğ:FATAL Elastic.Kibana.Log4Net.Controllers.Log4NetController  -ÃèÊö: ¹Ø¼üµÄ; ÅúÅĞĞÔµÄ; ÅúÆÀµÄ; ÌôÌŞµÄ; ¼«ÖØÒªµÄ; ÖÁ¹Ø½ôÒªµÄ; ÑÏÖØµÄ; ²»ÎÈ¶¨µÄ; ¿ÉÄÜÓĞÎ£ÏÕµÄ; executed at 12/01/2021 03:32:18
 2021-12-01 18:14:13 Ïß³ÌID:[1] ÈÕÖ¾¼¶±ğ:INFO  Microsoft.Hosting.Lifetime  -ÃèÊö: Application started. Press Ctrl+C to shut down.
 2021-12-01 18:14:13 Ïß³ÌID:[1] ÈÕÖ¾¼¶±ğ:INFO  Microsoft.Hosting.Lifetime  -ÃèÊö: Application started. Press Ctrl+C to shut down.
 2021-12-01 18:14:13 Ïß³ÌID:[1] ÈÕÖ¾¼¶±ğ:INFO  Microsoft.Hosting.Lifetime  -ÃèÊö: Application started. Press Ctrl+C to shut down.
 2021-12-01 18:14:13 Ïß³ÌID:[1] ÈÕÖ¾¼¶±ğ:INFO  Microsoft.Hosting.Lifetime  -ÃèÊö: Hosting environment: Development
 2021-12-01 18:14:13 Ïß³ÌID:[1] ÈÕÖ¾¼¶±ğ:INFO  Microsoft.Hosting.Lifetime  -ÃèÊö: Hosting environment: Development
 2021-12-01 18:14:13 Ïß³ÌID:[1] ÈÕÖ¾¼¶±ğ:INFO  Microsoft.Hosting.Lifetime  -ÃèÊö: Hosting environment: Development
 2021-12-01 18:14:13 Ïß³ÌID:[1] ÈÕÖ¾¼¶±ğ:INFO  Microsoft.Hosting.Lifetime  -ÃèÊö: Content root path: E:\Joson\Net.Core\ElasticSearch.Kibana\Joson.ElasticSearch.Kibana\Elastic.Kibana.Log4Net\Elastic.Kibana.Log4Net
 2021-12-01 18:14:13 Ïß³ÌID:[1] ÈÕÖ¾¼¶±ğ:INFO  Microsoft.Hosting.Lifetime  -ÃèÊö: Content root path: E:\Joson\Net.Core\ElasticSearch.Kibana\Joson.ElasticSearch.Kibana\Elastic.Kibana.Log4Net\Elastic.Kibana.Log4Net
 2021-12-01 18:14:13 Ïß³ÌID:[1] ÈÕÖ¾¼¶±ğ:INFO  Microsoft.Hosting.Lifetime  -ÃèÊö: Content root path: E:\Joson\Net.Core\ElasticSearch.Kibana\Joson.ElasticSearch.Kibana\Elastic.Kibana.Log4Net\Elastic.Kibana.Log4Net
 2021-12-01 18:17:04 Ïß³ÌID:[33] ÈÕÖ¾¼¶±ğ:WARN  Elastic.Kibana.Log4Net.Controllers.Log4NetController  -ÃèÊö: ²âÊÔÈÕÖ¾
 2021-12-01 18:17:04 Ïß³ÌID:[33] ÈÕÖ¾¼¶±ğ:WARN  Elastic.Kibana.Log4Net.Controllers.Log4NetController  -ÃèÊö: ²âÊÔÈÕÖ¾
 2021-12-01 18:17:04 Ïß³ÌID:[33] ÈÕÖ¾¼¶±ğ:WARN  Elastic.Kibana.Log4Net.Controllers.Log4NetController  -ÃèÊö: ²âÊÔÈÕÖ¾
 2021-12-01 18:17:06 Ïß³ÌID:[33] ÈÕÖ¾¼¶±ğ:INFO  Elastic.Kibana.Log4Net.Controllers.Log4NetController  -ÃèÊö: JosonRequest /WeatherForecast
 2021-12-01 18:17:06 Ïß³ÌID:[33] ÈÕÖ¾¼¶±ğ:INFO  Elastic.Kibana.Log4Net.Controllers.Log4NetController  -ÃèÊö: JosonRequest /WeatherForecast
 2021-12-01 18:17:06 Ïß³ÌID:[33] ÈÕÖ¾¼¶±ğ:INFO  Elastic.Kibana.Log4Net.Controllers.Log4NetController  -ÃèÊö: JosonRequest /WeatherForecast
 2021-12-01 18:17:06 Ïß³ÌID:[33] ÈÕÖ¾¼¶±ğ:ERROR Elastic.Kibana.Log4Net.Controllers.Log4NetController  -ÃèÊö: request api/values
 System.Exception: ³ö´íÀ²£¡£¡£¡
2021-12-01 18:17:06 Ïß³ÌID:[33] ÈÕÖ¾¼¶±ğ:ERROR Elastic.Kibana.Log4Net.Controllers.Log4NetController  -ÃèÊö: request api/values
 System.Exception: ³ö´íÀ²£¡£¡£¡
2021-12-01 18:17:06 Ïß³ÌID:[33] ÈÕÖ¾¼¶±ğ:ERROR Elastic.Kibana.Log4Net.Controllers.Log4NetController  -ÃèÊö: request api/values
 System.Exception: ³ö´íÀ²£¡£¡£¡
2021-12-01 18:17:06 Ïß³ÌID:[33] ÈÕÖ¾¼¶±ğ:ERROR Elastic.Kibana.Log4Net.Controllers.Log4NetController  -ÃèÊö: ÕâÊÇÒ»¸ö¼òµ¥ÈÕÖ¾²âÊÔ
 2021-12-01 18:17:06 Ïß³ÌID:[33] ÈÕÖ¾¼¶±ğ:ERROR Elastic.Kibana.Log4Net.Controllers.Log4NetController  -ÃèÊö: ÕâÊÇÒ»¸ö¼òµ¥ÈÕÖ¾²âÊÔ
 2021-12-01 18:17:06 Ïß³ÌID:[33] ÈÕÖ¾¼¶±ğ:ERROR Elastic.Kibana.Log4Net.Controllers.Log4NetController  -ÃèÊö: ÕâÊÇÒ»¸ö¼òµ¥ÈÕÖ¾²âÊÔ
 2021-12-01 18:17:06 Ïß³ÌID:[33] ÈÕÖ¾¼¶±ğ:ERROR Elastic.Kibana.Log4Net.Controllers.Log4NetController  -ÃèÊö: ´íÎóĞÅÏ¢ executed at 12/01/2021 10:17:06
 2021-12-01 18:17:06 Ïß³ÌID:[33] ÈÕÖ¾¼¶±ğ:ERROR Elastic.Kibana.Log4Net.Controllers.Log4NetController  -ÃèÊö: ´íÎóĞÅÏ¢ executed at 12/01/2021 10:17:06
 2021-12-01 18:17:06 Ïß³ÌID:[33] ÈÕÖ¾¼¶±ğ:ERROR Elastic.Kibana.Log4Net.Controllers.Log4NetController  -ÃèÊö: ´íÎóĞÅÏ¢ executed at 12/01/2021 10:17:06
 2021-12-01 18:17:06 Ïß³ÌID:[33] ÈÕÖ¾¼¶±ğ:WARN  Elastic.Kibana.Log4Net.Controllers.Log4NetController  -ÃèÊö: ¾¯¸æ; ¸æ½ë; ÌáĞÑ×¢Òâ(¿ÉÄÜ·¢ÉúµÄÊÂ); Ê¹¾¯Ìè; È°¸æ(Ê¹ÓĞËù·À±¸) executed at 12/01/2021 10:17:06
 2021-12-01 18:17:06 Ïß³ÌID:[33] ÈÕÖ¾¼¶±ğ:WARN  Elastic.Kibana.Log4Net.Controllers.Log4NetController  -ÃèÊö: ¾¯¸æ; ¸æ½ë; ÌáĞÑ×¢Òâ(¿ÉÄÜ·¢ÉúµÄÊÂ); Ê¹¾¯Ìè; È°¸æ(Ê¹ÓĞËù·À±¸) executed at 12/01/2021 10:17:06
 2021-12-01 18:17:06 Ïß³ÌID:[33] ÈÕÖ¾¼¶±ğ:WARN  Elastic.Kibana.Log4Net.Controllers.Log4NetController  -ÃèÊö: ¾¯¸æ; ¸æ½ë; ÌáĞÑ×¢Òâ(¿ÉÄÜ·¢ÉúµÄÊÂ); Ê¹¾¯Ìè; È°¸æ(Ê¹ÓĞËù·À±¸) executed at 12/01/2021 10:17:06
 2021-12-01 18:17:06 Ïß³ÌID:[33] ÈÕÖ¾¼¶±ğ:FATAL Elastic.Kibana.Log4Net.Controllers.Log4NetController  -ÃèÊö: ¹Ø¼üµÄ; ÅúÅĞĞÔµÄ; ÅúÆÀµÄ; ÌôÌŞµÄ; ¼«ÖØÒªµÄ; ÖÁ¹Ø½ôÒªµÄ; ÑÏÖØµÄ; ²»ÎÈ¶¨µÄ; ¿ÉÄÜÓĞÎ£ÏÕµÄ; executed at 12/01/2021 10:17:06
 2021-12-01 18:17:06 Ïß³ÌID:[33] ÈÕÖ¾¼¶±ğ:FATAL Elastic.Kibana.Log4Net.Controllers.Log4NetController  -ÃèÊö: ¹Ø¼üµÄ; ÅúÅĞĞÔµÄ; ÅúÆÀµÄ; ÌôÌŞµÄ; ¼«ÖØÒªµÄ; ÖÁ¹Ø½ôÒªµÄ; ÑÏÖØµÄ; ²»ÎÈ¶¨µÄ; ¿ÉÄÜÓĞÎ£ÏÕµÄ; executed at 12/01/2021 10:17:06
 2021-12-01 18:17:06 Ïß³ÌID:[33] ÈÕÖ¾¼¶±ğ:FATAL Elastic.Kibana.Log4Net.Controllers.Log4NetController  -ÃèÊö: ¹Ø¼üµÄ; ÅúÅĞĞÔµÄ; ÅúÆÀµÄ; ÌôÌŞµÄ; ¼«ÖØÒªµÄ; ÖÁ¹Ø½ôÒªµÄ; ÑÏÖØµÄ; ²»ÎÈ¶¨µÄ; ¿ÉÄÜÓĞÎ£ÏÕµÄ; executed at 12/01/2021 10:17:06
 2021-12-01 18:18:20 Ïß³ÌID:[60] ÈÕÖ¾¼¶±ğ:WARN  Elastic.Kibana.Log4Net.Controllers.Log4NetController  -ÃèÊö: ²âÊÔÈÕÖ¾
 2021-12-01 18:18:20 Ïß³ÌID:[60] ÈÕÖ¾¼¶±ğ:WARN  Elastic.Kibana.Log4Net.Controllers.Log4NetController  -ÃèÊö: ²âÊÔÈÕÖ¾
 2021-12-01 18:18:20 Ïß³ÌID:[60] ÈÕÖ¾¼¶±ğ:WARN  Elastic.Kibana.Log4Net.Controllers.Log4NetController  -ÃèÊö: ²âÊÔÈÕÖ¾
 2021-12-01 18:18:22 Ïß³ÌID:[60] ÈÕÖ¾¼¶±ğ:INFO  Elastic.Kibana.Log4Net.Controllers.Log4NetController  -ÃèÊö: JosonRequest /WeatherForecast
 2021-12-01 18:18:22 Ïß³ÌID:[60] ÈÕÖ¾¼¶±ğ:INFO  Elastic.Kibana.Log4Net.Controllers.Log4NetController  -ÃèÊö: JosonRequest /WeatherForecast
 2021-12-01 18:18:22 Ïß³ÌID:[60] ÈÕÖ¾¼¶±ğ:INFO  Elastic.Kibana.Log4Net.Controllers.Log4NetController  -ÃèÊö: JosonRequest /WeatherForecast
 2021-12-01 18:18:22 Ïß³ÌID:[60] ÈÕÖ¾¼¶±ğ:ERROR Elastic.Kibana.Log4Net.Controllers.Log4NetController  -ÃèÊö: request api/values
 System.Exception: ³ö´íÀ²£¡£¡£¡
2021-12-01 18:18:22 Ïß³ÌID:[60] ÈÕÖ¾¼¶±ğ:ERROR Elastic.Kibana.Log4Net.Controllers.Log4NetController  -ÃèÊö: request api/values
 System.Exception: ³ö´íÀ²£¡£¡£¡
2021-12-01 18:18:22 Ïß³ÌID:[60] ÈÕÖ¾¼¶±ğ:ERROR Elastic.Kibana.Log4Net.Controllers.Log4NetController  -ÃèÊö: request api/values
 System.Exception: ³ö´íÀ²£¡£¡£¡
2021-12-01 18:18:22 Ïß³ÌID:[60] ÈÕÖ¾¼¶±ğ:ERROR Elastic.Kibana.Log4Net.Controllers.Log4NetController  -ÃèÊö: ÕâÊÇÒ»¸ö¼òµ¥ÈÕÖ¾²âÊÔ
 2021-12-01 18:18:22 Ïß³ÌID:[60] ÈÕÖ¾¼¶±ğ:ERROR Elastic.Kibana.Log4Net.Controllers.Log4NetController  -ÃèÊö: ÕâÊÇÒ»¸ö¼òµ¥ÈÕÖ¾²âÊÔ
 2021-12-01 18:18:22 Ïß³ÌID:[60] ÈÕÖ¾¼¶±ğ:ERROR Elastic.Kibana.Log4Net.Controllers.Log4NetController  -ÃèÊö: ÕâÊÇÒ»¸ö¼òµ¥ÈÕÖ¾²âÊÔ
 2021-12-01 18:18:22 Ïß³ÌID:[60] ÈÕÖ¾¼¶±ğ:ERROR Elastic.Kibana.Log4Net.Controllers.Log4NetController  -ÃèÊö: ´íÎóĞÅÏ¢ executed at 12/01/2021 10:18:22
 2021-12-01 18:18:22 Ïß³ÌID:[60] ÈÕÖ¾¼¶±ğ:ERROR Elastic.Kibana.Log4Net.Controllers.Log4NetController  -ÃèÊö: ´íÎóĞÅÏ¢ executed at 12/01/2021 10:18:22
 2021-12-01 18:18:22 Ïß³ÌID:[60] ÈÕÖ¾¼¶±ğ:ERROR Elastic.Kibana.Log4Net.Controllers.Log4NetController  -ÃèÊö: ´íÎóĞÅÏ¢ executed at 12/01/2021 10:18:22
 2021-12-01 18:18:22 Ïß³ÌID:[60] ÈÕÖ¾¼¶±ğ:WARN  Elastic.Kibana.Log4Net.Controllers.Log4NetController  -ÃèÊö: ¾¯¸æ; ¸æ½ë; ÌáĞÑ×¢Òâ(¿ÉÄÜ·¢ÉúµÄÊÂ); Ê¹¾¯Ìè; È°¸æ(Ê¹ÓĞËù·À±¸) executed at 12/01/2021 10:18:22
 2021-12-01 18:18:22 Ïß³ÌID:[60] ÈÕÖ¾¼¶±ğ:WARN  Elastic.Kibana.Log4Net.Controllers.Log4NetController  -ÃèÊö: ¾¯¸æ; ¸æ½ë; ÌáĞÑ×¢Òâ(¿ÉÄÜ·¢ÉúµÄÊÂ); Ê¹¾¯Ìè; È°¸æ(Ê¹ÓĞËù·À±¸) executed at 12/01/2021 10:18:22
 2021-12-01 18:18:22 Ïß³ÌID:[60] ÈÕÖ¾¼¶±ğ:WARN  Elastic.Kibana.Log4Net.Controllers.Log4NetController  -ÃèÊö: ¾¯¸æ; ¸æ½ë; ÌáĞÑ×¢Òâ(¿ÉÄÜ·¢ÉúµÄÊÂ); Ê¹¾¯Ìè; È°¸æ(Ê¹ÓĞËù·À±¸) executed at 12/01/2021 10:18:22
 2021-12-01 18:18:22 Ïß³ÌID:[60] ÈÕÖ¾¼¶±ğ:FATAL Elastic.Kibana.Log4Net.Controllers.Log4NetController  -ÃèÊö: ¹Ø¼üµÄ; ÅúÅĞĞÔµÄ; ÅúÆÀµÄ; ÌôÌŞµÄ; ¼«ÖØÒªµÄ; ÖÁ¹Ø½ôÒªµÄ; ÑÏÖØµÄ; ²»ÎÈ¶¨µÄ; ¿ÉÄÜÓĞÎ£ÏÕµÄ; executed at 12/01/2021 10:18:22
 2021-12-01 18:18:22 Ïß³ÌID:[60] ÈÕÖ¾¼¶±ğ:FATAL Elastic.Kibana.Log4Net.Controllers.Log4NetController  -ÃèÊö: ¹Ø¼üµÄ; ÅúÅĞĞÔµÄ; ÅúÆÀµÄ; ÌôÌŞµÄ; ¼«ÖØÒªµÄ; ÖÁ¹Ø½ôÒªµÄ; ÑÏÖØµÄ; ²»ÎÈ¶¨µÄ; ¿ÉÄÜÓĞÎ£ÏÕµÄ; executed at 12/01/2021 10:18:22
 2021-12-01 18:18:22 Ïß³ÌID:[60] ÈÕÖ¾¼¶±ğ:FATAL Elastic.Kibana.Log4Net.Controllers.Log4NetController  -ÃèÊö: ¹Ø¼üµÄ; ÅúÅĞĞÔµÄ; ÅúÆÀµÄ; ÌôÌŞµÄ; ¼«ÖØÒªµÄ; ÖÁ¹Ø½ôÒªµÄ; ÑÏÖØµÄ; ²»ÎÈ¶¨µÄ; ¿ÉÄÜÓĞÎ£ÏÕµÄ; executed at 12/01/2021 10:18:22
 2021-12-01 18:22:25 Ïß³ÌID:[1] ÈÕÖ¾¼¶±ğ:INFO  Microsoft.Hosting.Lifetime  -ÃèÊö: Application started. Press Ctrl+C to shut down.
 2021-12-01 18:22:25 Ïß³ÌID:[4] ÈÕÖ¾¼¶±ğ:WARN  Elastic.Kibana.Log4Net.Controllers.Log4NetController  -ÃèÊö: ²âÊÔÈÕÖ¾
 2021-12-01 18:22:27 Ïß³ÌID:[1] ÈÕÖ¾¼¶±ğ:INFO  Microsoft.Hosting.Lifetime  -ÃèÊö: Hosting environment: Development
 2021-12-01 18:22:27 Ïß³ÌID:[4] ÈÕÖ¾¼¶±ğ:INFO  Elastic.Kibana.Log4Net.Controllers.Log4NetController  -ÃèÊö: JosonRequest /WeatherForecast
 2021-12-01 18:22:27 Ïß³ÌID:[1] ÈÕÖ¾¼¶±ğ:INFO  Microsoft.Hosting.Lifetime  -ÃèÊö: Content root path: E:\Joson\Net.Core\ElasticSearch.Kibana\Joson.ElasticSearch.Kibana\Elastic.Kibana.Log4Net\Elastic.Kibana.Log4Net
 2021-12-01 18:22:27 Ïß³ÌID:[4] ÈÕÖ¾¼¶±ğ:ERROR Elastic.Kibana.Log4Net.Controllers.Log4NetController  -ÃèÊö: request api/values
 System.Exception: ³ö´íÀ²£¡£¡£¡
2021-12-01 18:22:27 Ïß³ÌID:[4] ÈÕÖ¾¼¶±ğ:ERROR Elastic.Kibana.Log4Net.Controllers.Log4NetController  -ÃèÊö: ÕâÊÇÒ»¸ö¼òµ¥ÈÕÖ¾²âÊÔ
 2021-12-01 18:22:27 Ïß³ÌID:[4] ÈÕÖ¾¼¶±ğ:ERROR Elastic.Kibana.Log4Net.Controllers.Log4NetController  -ÃèÊö: ´íÎóĞÅÏ¢ executed at 12/01/2021 10:22:27
 2021-12-01 18:22:27 Ïß³ÌID:[4] ÈÕÖ¾¼¶±ğ:WARN  Elastic.Kibana.Log4Net.Controllers.Log4NetController  -ÃèÊö: ¾¯¸æ; ¸æ½ë; ÌáĞÑ×¢Òâ(¿ÉÄÜ·¢ÉúµÄÊÂ); Ê¹¾¯Ìè; È°¸æ(Ê¹ÓĞËù·À±¸) executed at 12/01/2021 10:22:27
 2021-12-01 18:22:27 Ïß³ÌID:[4] ÈÕÖ¾¼¶±ğ:FATAL Elastic.Kibana.Log4Net.Controllers.Log4NetController  -ÃèÊö: ¹Ø¼üµÄ; ÅúÅĞĞÔµÄ; ÅúÆÀµÄ; ÌôÌŞµÄ; ¼«ÖØÒªµÄ; ÖÁ¹Ø½ôÒªµÄ; ÑÏÖØµÄ; ²»ÎÈ¶¨µÄ; ¿ÉÄÜÓĞÎ£ÏÕµÄ; executed at 12/01/2021 10:22:27
 2021-12-01 18:26:42 Ïß³ÌID:[1] ÈÕÖ¾¼¶±ğ:INFO  Microsoft.Hosting.Lifetime  -ÃèÊö: Application started. Press Ctrl+C to shut down.
 2021-12-01 18:26:42 Ïß³ÌID:[1] ÈÕÖ¾¼¶±ğ:INFO  Microsoft.Hosting.Lifetime  -ÃèÊö: Hosting environment: Development
 2021-12-01 18:26:42 Ïß³ÌID:[1] ÈÕÖ¾¼¶±ğ:INFO  Microsoft.Hosting.Lifetime  -ÃèÊö: Content root path: E:\Joson\Net.Core\ElasticSearch.Kibana\Joson.ElasticSearch.Kibana\Elastic.Kibana.Log4Net\Elastic.Kibana.Log4Net
 2021-12-01 18:26:42 Ïß³ÌID:[4] ÈÕÖ¾¼¶±ğ:WARN  Elastic.Kibana.Log4Net.Controllers.Log4NetController  -ÃèÊö: ²âÊÔÈÕÖ¾
 2021-12-01 18:26:43 Ïß³ÌID:[4] ÈÕÖ¾¼¶±ğ:INFO  Elastic.Kibana.Log4Net.Controllers.Log4NetController  -ÃèÊö: JosonRequest /WeatherForecast
 2021-12-01 18:26:43 Ïß³ÌID:[4] ÈÕÖ¾¼¶±ğ:ERROR Elastic.Kibana.Log4Net.Controllers.Log4NetController  -ÃèÊö: request api/values
 System.Exception: ³ö´íÀ²£¡£¡£¡
2021-12-01 18:26:43 Ïß³ÌID:[4] ÈÕÖ¾¼¶±ğ:ERROR Elastic.Kibana.Log4Net.Controllers.Log4NetController  -ÃèÊö: ÕâÊÇÒ»¸ö¼òµ¥ÈÕÖ¾²âÊÔ
 2021-12-01 18:26:44 Ïß³ÌID:[4] ÈÕÖ¾¼¶±ğ:ERROR Elastic.Kibana.Log4Net.Controllers.Log4NetController  -ÃèÊö: ´íÎóĞÅÏ¢ executed at 12/01/2021 10:26:44
 2021-12-01 18:26:44 Ïß³ÌID:[4] ÈÕÖ¾¼¶±ğ:WARN  Elastic.Kibana.Log4Net.Controllers.Log4NetController  -ÃèÊö: ¾¯¸æ; ¸æ½ë; ÌáĞÑ×¢Òâ(¿ÉÄÜ·¢ÉúµÄÊÂ); Ê¹¾¯Ìè; È°¸æ(Ê¹ÓĞËù·À±¸) executed at 12/01/2021 10:26:44
 2021-12-01 18:26:44 Ïß³ÌID:[4] ÈÕÖ¾¼¶±ğ:FATAL Elastic.Kibana.Log4Net.Controllers.Log4NetController  -ÃèÊö: ¹Ø¼üµÄ; ÅúÅĞĞÔµÄ; ÅúÆÀµÄ; ÌôÌŞµÄ; ¼«ÖØÒªµÄ; ÖÁ¹Ø½ôÒªµÄ; ÑÏÖØµÄ; ²»ÎÈ¶¨µÄ; ¿ÉÄÜÓĞÎ£ÏÕµÄ; executed at 12/01/2021 10:26:44
 2021-12-01 18:31:52 Ïß³ÌID:[1] ÈÕÖ¾¼¶±ğ:INFO  Microsoft.Hosting.Lifetime  -ÃèÊö: Application started. Press Ctrl+C to shut down.
 2021-12-01 18:31:53 Ïß³ÌID:[8] ÈÕÖ¾¼¶±ğ:WARN  Elastic.Kibana.Log4Net.Controllers.Log4NetController  -ÃèÊö: ²âÊÔÈÕÖ¾
 2021-12-01 18:31:53 Ïß³ÌID:[1] ÈÕÖ¾¼¶±ğ:INFO  Microsoft.Hosting.Lifetime  -ÃèÊö: Hosting environment: Development
 2021-12-01 18:31:54 Ïß³ÌID:[8] ÈÕÖ¾¼¶±ğ:INFO  Elastic.Kibana.Log4Net.Controllers.Log4NetController  -ÃèÊö: JosonRequest /WeatherForecast
 2021-12-01 18:31:54 Ïß³ÌID:[1] ÈÕÖ¾¼¶±ğ:INFO  Microsoft.Hosting.Lifetime  -ÃèÊö: Content root path: E:\Joson\Net.Core\ElasticSearch.Kibana\Joson.ElasticSearch.Kibana\Elastic.Kibana.Log4Net\Elastic.Kibana.Log4Net
 2021-12-01 18:31:55 Ïß³ÌID:[8] ÈÕÖ¾¼¶±ğ:ERROR Elastic.Kibana.Log4Net.Controllers.Log4NetController  -ÃèÊö: request api/values
 System.Exception: ³ö´íÀ²£¡£¡£¡
2021-12-01 18:31:55 Ïß³ÌID:[8] ÈÕÖ¾¼¶±ğ:ERROR Elastic.Kibana.Log4Net.Controllers.Log4NetController  -ÃèÊö: ÕâÊÇÒ»¸ö¼òµ¥ÈÕÖ¾²âÊÔ
 2021-12-01 18:31:55 Ïß³ÌID:[8] ÈÕÖ¾¼¶±ğ:ERROR Elastic.Kibana.Log4Net.Controllers.Log4NetController  -ÃèÊö: ´íÎóĞÅÏ¢ executed at 12/01/2021 10:31:55
 2021-12-01 18:31:55 Ïß³ÌID:[8] ÈÕÖ¾¼¶±ğ:WARN  Elastic.Kibana.Log4Net.Controllers.Log4NetController  -ÃèÊö: ¾¯¸æ; ¸æ½ë; ÌáĞÑ×¢Òâ(¿ÉÄÜ·¢ÉúµÄÊÂ); Ê¹¾¯Ìè; È°¸æ(Ê¹ÓĞËù·À±¸) executed at 12/01/2021 10:31:55
 2021-12-01 18:31:55 Ïß³ÌID:[8] ÈÕÖ¾¼¶±ğ:FATAL Elastic.Kibana.Log4Net.Controllers.Log4NetController  -ÃèÊö: ¹Ø¼üµÄ; ÅúÅĞĞÔµÄ; ÅúÆÀµÄ; ÌôÌŞµÄ; ¼«ÖØÒªµÄ; ÖÁ¹Ø½ôÒªµÄ; ÑÏÖØµÄ; ²»ÎÈ¶¨µÄ; ¿ÉÄÜÓĞÎ£ÏÕµÄ; executed at 12/01/2021 10:31:55
 2021-12-01 18:32:50 Ïß³ÌID:[32] ÈÕÖ¾¼¶±ğ:WARN  Elastic.Kibana.Log4Net.Controllers.Log4NetController  -ÃèÊö: ²âÊÔÈÕÖ¾
 2021-12-01 18:32:53 Ïß³ÌID:[32] ÈÕÖ¾¼¶±ğ:INFO  Elastic.Kibana.Log4Net.Controllers.Log4NetController  -ÃèÊö: JosonRequest /WeatherForecast
 2021-12-01 18:32:54 Ïß³ÌID:[32] ÈÕÖ¾¼¶±ğ:ERROR Elastic.Kibana.Log4Net.Controllers.Log4NetController  -ÃèÊö: request api/values
 System.Exception: ³ö´íÀ²£¡£¡£¡
2021-12-01 18:32:54 Ïß³ÌID:[32] ÈÕÖ¾¼¶±ğ:ERROR Elastic.Kibana.Log4Net.Controllers.Log4NetController  -ÃèÊö: ÕâÊÇÒ»¸ö¼òµ¥ÈÕÖ¾²âÊÔ
 2021-12-01 18:32:54 Ïß³ÌID:[32] ÈÕÖ¾¼¶±ğ:ERROR Elastic.Kibana.Log4Net.Controllers.Log4NetController  -ÃèÊö: ´íÎóĞÅÏ¢ executed at 12/01/2021 10:32:54
 2021-12-01 18:32:55 Ïß³ÌID:[32] ÈÕÖ¾¼¶±ğ:WARN  Elastic.Kibana.Log4Net.Controllers.Log4NetController  -ÃèÊö: ¾¯¸æ; ¸æ½ë; ÌáĞÑ×¢Òâ(¿ÉÄÜ·¢ÉúµÄÊÂ); Ê¹¾¯Ìè; È°¸æ(Ê¹ÓĞËù·À±¸) executed at 12/01/2021 10:32:55
 2021-12-01 18:32:55 Ïß³ÌID:[32] ÈÕÖ¾¼¶±ğ:FATAL Elastic.Kibana.Log4Net.Controllers.Log4NetController  -ÃèÊö: ¹Ø¼üµÄ; ÅúÅĞĞÔµÄ; ÅúÆÀµÄ; ÌôÌŞµÄ; ¼«ÖØÒªµÄ; ÖÁ¹Ø½ôÒªµÄ; ÑÏÖØµÄ; ²»ÎÈ¶¨µÄ; ¿ÉÄÜÓĞÎ£ÏÕµÄ; executed at 12/01/2021 10:32:55
 2021-12-01 18:35:00 Ïß³ÌID:[43] ÈÕÖ¾¼¶±ğ:WARN  Elastic.Kibana.Log4Net.Controllers.Log4NetController  -ÃèÊö: ²âÊÔÈÕÖ¾
 2021-12-01 18:35:01 Ïß³ÌID:[43] ÈÕÖ¾¼¶±ğ:INFO  Elastic.Kibana.Log4Net.Controllers.Log4NetController  -ÃèÊö: JosonRequest /WeatherForecast
 2021-12-01 18:35:02 Ïß³ÌID:[43] ÈÕÖ¾¼¶±ğ:ERROR Elastic.Kibana.Log4Net.Controllers.Log4NetController  -ÃèÊö: request api/values
 System.Exception: ³ö´íÀ²£¡£¡£¡
2021-12-01 18:35:02 Ïß³ÌID:[43] ÈÕÖ¾¼¶±ğ:ERROR Elastic.Kibana.Log4Net.Controllers.Log4NetController  -ÃèÊö: ÕâÊÇÒ»¸ö¼òµ¥ÈÕÖ¾²âÊÔ
 2021-12-01 18:35:02 Ïß³ÌID:[43] ÈÕÖ¾¼¶±ğ:ERROR Elastic.Kibana.Log4Net.Controllers.Log4NetController  -ÃèÊö: ´íÎóĞÅÏ¢ executed at 12/01/2021 10:35:02
 2021-12-01 18:35:03 Ïß³ÌID:[43] ÈÕÖ¾¼¶±ğ:WARN  Elastic.Kibana.Log4Net.Controllers.Log4NetController  -ÃèÊö: ¾¯¸æ; ¸æ½ë; ÌáĞÑ×¢Òâ(¿ÉÄÜ·¢ÉúµÄÊÂ); Ê¹¾¯Ìè; È°¸æ(Ê¹ÓĞËù·À±¸) executed at 12/01/2021 10:35:03
 2021-12-01 18:35:03 Ïß³ÌID:[43] ÈÕÖ¾¼¶±ğ:FATAL Elastic.Kibana.Log4Net.Controllers.Log4NetController  -ÃèÊö: ¹Ø¼üµÄ; ÅúÅĞĞÔµÄ; ÅúÆÀµÄ; ÌôÌŞµÄ; ¼«ÖØÒªµÄ; ÖÁ¹Ø½ôÒªµÄ; ÑÏÖØµÄ; ²»ÎÈ¶¨µÄ; ¿ÉÄÜÓĞÎ£ÏÕµÄ; executed at 12/01/2021 10:35:03
 2021-12-01 18:40:18 Ïß³ÌID:[1] ÈÕÖ¾¼¶±ğ:INFO  Microsoft.Hosting.Lifetime  -ÃèÊö: Application started. Press Ctrl+C to shut down.
 2021-12-01 18:40:19 Ïß³ÌID:[1] ÈÕÖ¾¼¶±ğ:INFO  Microsoft.Hosting.Lifetime  -ÃèÊö: Hosting environment: Development
 2021-12-01 18:40:19 Ïß³ÌID:[1] ÈÕÖ¾¼¶±ğ:INFO  Microsoft.Hosting.Lifetime  -ÃèÊö: Content root path: E:\Joson\Net.Core\ElasticSearch.Kibana\Joson.ElasticSearch.Kibana\Elastic.Kibana.Log4Net\Elastic.Kibana.Log4Net
 2021-12-01 18:40:19 Ïß³ÌID:[9] ÈÕÖ¾¼¶±ğ:WARN  Elastic.Kibana.Log4Net.Controllers.Log4NetController  -ÃèÊö: ²âÊÔÈÕÖ¾
 2021-12-01 18:40:20 Ïß³ÌID:[9] ÈÕÖ¾¼¶±ğ:INFO  Elastic.Kibana.Log4Net.Controllers.Log4NetController  -ÃèÊö: JosonRequest /WeatherForecast
 2021-12-01 18:40:20 Ïß³ÌID:[9] ÈÕÖ¾¼¶±ğ:ERROR Elastic.Kibana.Log4Net.Controllers.Log4NetController  -ÃèÊö: request api/values
 System.Exception: ³ö´íÀ²£¡£¡£¡
2021-12-01 18:40:20 Ïß³ÌID:[9] ÈÕÖ¾¼¶±ğ:ERROR Elastic.Kibana.Log4Net.Controllers.Log4NetController  -ÃèÊö: ÕâÊÇÒ»¸ö¼òµ¥ÈÕÖ¾²âÊÔ
 2021-12-01 18:40:20 Ïß³ÌID:[9] ÈÕÖ¾¼¶±ğ:ERROR Elastic.Kibana.Log4Net.Controllers.Log4NetController  -ÃèÊö: ´íÎóĞÅÏ¢ executed at 12/01/2021 10:40:20
 2021-12-01 18:40:20 Ïß³ÌID:[9] ÈÕÖ¾¼¶±ğ:WARN  Elastic.Kibana.Log4Net.Controllers.Log4NetController  -ÃèÊö: ¾¯¸æ; ¸æ½ë; ÌáĞÑ×¢Òâ(¿ÉÄÜ·¢ÉúµÄÊÂ); Ê¹¾¯Ìè; È°¸æ(Ê¹ÓĞËù·À±¸) executed at 12/01/2021 10:40:20
 2021-12-01 18:40:20 Ïß³ÌID:[9] ÈÕÖ¾¼¶±ğ:FATAL Elastic.Kibana.Log4Net.Controllers.Log4NetController  -ÃèÊö: ¹Ø¼üµÄ; ÅúÅĞĞÔµÄ; ÅúÆÀµÄ; ÌôÌŞµÄ; ¼«ÖØÒªµÄ; ÖÁ¹Ø½ôÒªµÄ; ÑÏÖØµÄ; ²»ÎÈ¶¨µÄ; ¿ÉÄÜÓĞÎ£ÏÕµÄ; executed at 12/01/2021 10:40:20
 2021-12-01 18:41:48 Ïß³ÌID:[1] ÈÕÖ¾¼¶±ğ:INFO  Microsoft.Hosting.Lifetime  -ÃèÊö: Application started. Press Ctrl+C to shut down.
 2021-12-01 18:41:49 Ïß³ÌID:[9] ÈÕÖ¾¼¶±ğ:WARN  Elastic.Kibana.Log4Net.Controllers.Log4NetController  -ÃèÊö: ²âÊÔÈÕÖ¾
 2021-12-01 18:41:49 Ïß³ÌID:[1] ÈÕÖ¾¼¶±ğ:INFO  Microsoft.Hosting.Lifetime  -ÃèÊö: Hosting environment: Development
 2021-12-01 18:41:50 Ïß³ÌID:[9] ÈÕÖ¾¼¶±ğ:INFO  Elastic.Kibana.Log4Net.Controllers.Log4NetController  -ÃèÊö: JosonRequest /WeatherForecast
 2021-12-01 18:41:50 Ïß³ÌID:[1] ÈÕÖ¾¼¶±ğ:INFO  Microsoft.Hosting.Lifetime  -ÃèÊö: Content root path: E:\Joson\Net.Core\ElasticSearch.Kibana\Joson.ElasticSearch.Kibana\Elastic.Kibana.Log4Net\Elastic.Kibana.Log4Net
 2021-12-01 18:41:51 Ïß³ÌID:[9] ÈÕÖ¾¼¶±ğ:ERROR Elastic.Kibana.Log4Net.Controllers.Log4NetController  -ÃèÊö: request api/values
 System.Exception: ³ö´íÀ²£¡£¡£¡
2021-12-01 18:41:51 Ïß³ÌID:[9] ÈÕÖ¾¼¶±ğ:ERROR Elastic.Kibana.Log4Net.Controllers.Log4NetController  -ÃèÊö: ÕâÊÇÒ»¸ö¼òµ¥ÈÕÖ¾²âÊÔ
 2021-12-01 18:41:51 Ïß³ÌID:[9] ÈÕÖ¾¼¶±ğ:ERROR Elastic.Kibana.Log4Net.Controllers.Log4NetController  -ÃèÊö: ´íÎóĞÅÏ¢ executed at 12/01/2021 10:41:51
 2021-12-01 18:41:51 Ïß³ÌID:[9] ÈÕÖ¾¼¶±ğ:WARN  Elastic.Kibana.Log4Net.Controllers.Log4NetController  -ÃèÊö: ¾¯¸æ; ¸æ½ë; ÌáĞÑ×¢Òâ(¿ÉÄÜ·¢ÉúµÄÊÂ); Ê¹¾¯Ìè; È°¸æ(Ê¹ÓĞËù·À±¸) executed at 12/01/2021 10:41:51
 2021-12-01 18:41:52 Ïß³ÌID:[9] ÈÕÖ¾¼¶±ğ:FATAL Elastic.Kibana.Log4Net.Controllers.Log4NetController  -ÃèÊö: ¹Ø¼üµÄ; ÅúÅĞĞÔµÄ; ÅúÆÀµÄ; ÌôÌŞµÄ; ¼«ÖØÒªµÄ; ÖÁ¹Ø½ôÒªµÄ; ÑÏÖØµÄ; ²»ÎÈ¶¨µÄ; ¿ÉÄÜÓĞÎ£ÏÕµÄ; executed at 12/01/2021 10:41:52
 2021-12-01 18:48:49 Ïß³ÌID:[1] ÈÕÖ¾¼¶±ğ:INFO  Microsoft.Hosting.Lifetime  -ÃèÊö: Application started. Press Ctrl+C to shut down.
 2021-12-01 18:48:49 Ïß³ÌID:[5] ÈÕÖ¾¼¶±ğ:WARN  Elastic.Kibana.Log4Net.Controllers.Log4NetController  -ÃèÊö: ²âÊÔÈÕÖ¾
 2021-12-01 18:48:50 Ïß³ÌID:[1] ÈÕÖ¾¼¶±ğ:INFO  Microsoft.Hosting.Lifetime  -ÃèÊö: Hosting environment: Development
 2021-12-01 18:48:51 Ïß³ÌID:[5] ÈÕÖ¾¼¶±ğ:INFO  Elastic.Kibana.Log4Net.Controllers.Log4NetController  -ÃèÊö: JosonRequest /WeatherForecast
 2021-12-01 18:48:51 Ïß³ÌID:[1] ÈÕÖ¾¼¶±ğ:INFO  Microsoft.Hosting.Lifetime  -ÃèÊö: Content root path: E:\Joson\Net.Core\ElasticSearch.Kibana\Joson.ElasticSearch.Kibana\Elastic.Kibana.Log4Net\Elastic.Kibana.Log4Net
 2021-12-01 18:48:51 Ïß³ÌID:[5] ÈÕÖ¾¼¶±ğ:ERROR Elastic.Kibana.Log4Net.Controllers.Log4NetController  -ÃèÊö: request api/values
 System.Exception: ³ö´íÀ²£¡£¡£¡
2021-12-01 18:48:51 Ïß³ÌID:[5] ÈÕÖ¾¼¶±ğ:ERROR Elastic.Kibana.Log4Net.Controllers.Log4NetController  -ÃèÊö: ÕâÊÇÒ»¸ö¼òµ¥ÈÕÖ¾²âÊÔ
 2021-12-01 18:48:52 Ïß³ÌID:[5] ÈÕÖ¾¼¶±ğ:ERROR Elastic.Kibana.Log4Net.Controllers.Log4NetController  -ÃèÊö: ´íÎóĞÅÏ¢ executed at 12/01/2021 10:48:52
 2021-12-01 18:48:52 Ïß³ÌID:[5] ÈÕÖ¾¼¶±ğ:WARN  Elastic.Kibana.Log4Net.Controllers.Log4NetController  -ÃèÊö: ¾¯¸æ; ¸æ½ë; ÌáĞÑ×¢Òâ(¿ÉÄÜ·¢ÉúµÄÊÂ); Ê¹¾¯Ìè; È°¸æ(Ê¹ÓĞËù·À±¸) executed at 12/01/2021 10:48:52
 2021-12-01 18:48:52 Ïß³ÌID:[5] ÈÕÖ¾¼¶±ğ:FATAL Elastic.Kibana.Log4Net.Controllers.Log4NetController  -ÃèÊö: ¹Ø¼üµÄ; ÅúÅĞĞÔµÄ; ÅúÆÀµÄ; ÌôÌŞµÄ; ¼«ÖØÒªµÄ; ÖÁ¹Ø½ôÒªµÄ; ÑÏÖØµÄ; ²»ÎÈ¶¨µÄ; ¿ÉÄÜÓĞÎ£ÏÕµÄ; executed at 12/01/2021 10:48:52
 2021-12-01 18:49:50 Ïß³ÌID:[31] ÈÕÖ¾¼¶±ğ:WARN  Elastic.Kibana.Log4Net.Controllers.Log4NetController  -ÃèÊö: ²âÊÔÈÕÖ¾
 2021-12-01 18:49:52 Ïß³ÌID:[31] ÈÕÖ¾¼¶±ğ:INFO  Elastic.Kibana.Log4Net.Controllers.Log4NetController  -ÃèÊö: JosonRequest /WeatherForecast
 2021-12-01 18:49:52 Ïß³ÌID:[31] ÈÕÖ¾¼¶±ğ:ERROR Elastic.Kibana.Log4Net.Controllers.Log4NetController  -ÃèÊö: request api/values
 System.Exception: ³ö´íÀ²£¡£¡£¡
2021-12-01 18:49:52 Ïß³ÌID:[31] ÈÕÖ¾¼¶±ğ:ERROR Elastic.Kibana.Log4Net.Controllers.Log4NetController  -ÃèÊö: ÕâÊÇÒ»¸ö¼òµ¥ÈÕÖ¾²âÊÔ
 2021-12-01 18:49:52 Ïß³ÌID:[31] ÈÕÖ¾¼¶±ğ:ERROR Elastic.Kibana.Log4Net.Controllers.Log4NetController  -ÃèÊö: ´íÎóĞÅÏ¢ executed at 12/01/2021 10:49:52
 2021-12-01 18:49:53 Ïß³ÌID:[31] ÈÕÖ¾¼¶±ğ:WARN  Elastic.Kibana.Log4Net.Controllers.Log4NetController  -ÃèÊö: ¾¯¸æ; ¸æ½ë; ÌáĞÑ×¢Òâ(¿ÉÄÜ·¢ÉúµÄÊÂ); Ê¹¾¯Ìè; È°¸æ(Ê¹ÓĞËù·À±¸) executed at 12/01/2021 10:49:53
 2021-12-01 18:49:53 Ïß³ÌID:[31] ÈÕÖ¾¼¶±ğ:FATAL Elastic.Kibana.Log4Net.Controllers.Log4NetController  -ÃèÊö: ¹Ø¼üµÄ; ÅúÅĞĞÔµÄ; ÅúÆÀµÄ; ÌôÌŞµÄ; ¼«ÖØÒªµÄ; ÖÁ¹Ø½ôÒªµÄ; ÑÏÖØµÄ; ²»ÎÈ¶¨µÄ; ¿ÉÄÜÓĞÎ£ÏÕµÄ; executed at 12/01/2021 10:49:53
 2021-12-01 18:50:29 Ïß³ÌID:[39] ÈÕÖ¾¼¶±ğ:WARN  Elastic.Kibana.Log4Net.Controllers.Log4NetController  -ÃèÊö: ²âÊÔÈÕÖ¾
 2021-12-01 18:50:32 Ïß³ÌID:[39] ÈÕÖ¾¼¶±ğ:INFO  Elastic.Kibana.Log4Net.Controllers.Log4NetController  -ÃèÊö: JosonRequest /WeatherForecast
 2021-12-01 18:50:32 Ïß³ÌID:[39] ÈÕÖ¾¼¶±ğ:ERROR Elastic.Kibana.Log4Net.Controllers.Log4NetController  -ÃèÊö: request api/values
 System.Exception: ³ö´íÀ²£¡£¡£¡
2021-12-01 18:50:33 Ïß³ÌID:[39] ÈÕÖ¾¼¶±ğ:ERROR Elastic.Kibana.Log4Net.Controllers.Log4NetController  -ÃèÊö: ÕâÊÇÒ»¸ö¼òµ¥ÈÕÖ¾²âÊÔ
 2021-12-01 18:50:33 Ïß³ÌID:[39] ÈÕÖ¾¼¶±ğ:ERROR Elastic.Kibana.Log4Net.Controllers.Log4NetController  -ÃèÊö: ´íÎóĞÅÏ¢ executed at 12/01/2021 10:50:33
 2021-12-01 18:50:33 Ïß³ÌID:[39] ÈÕÖ¾¼¶±ğ:WARN  Elastic.Kibana.Log4Net.Controllers.Log4NetController  -ÃèÊö: ¾¯¸æ; ¸æ½ë; ÌáĞÑ×¢Òâ(¿ÉÄÜ·¢ÉúµÄÊÂ); Ê¹¾¯Ìè; È°¸æ(Ê¹ÓĞËù·À±¸) executed at 12/01/2021 10:50:33
 2021-12-01 18:50:33 Ïß³ÌID:[39] ÈÕÖ¾¼¶±ğ:FATAL Elastic.Kibana.Log4Net.Controllers.Log4NetController  -ÃèÊö: ¹Ø¼üµÄ; ÅúÅĞĞÔµÄ; ÅúÆÀµÄ; ÌôÌŞµÄ; ¼«ÖØÒªµÄ; ÖÁ¹Ø½ôÒªµÄ; ÑÏÖØµÄ; ²»ÎÈ¶¨µÄ; ¿ÉÄÜÓĞÎ£ÏÕµÄ; executed at 12/01/2021 10:50:33
 2021-12-01 18:53:00 Ïß³ÌID:[1] ÈÕÖ¾¼¶±ğ:INFO  Microsoft.Hosting.Lifetime  -ÃèÊö: Application started. Press Ctrl+C to shut down.
 2021-12-01 18:53:00 Ïß³ÌID:[6] ÈÕÖ¾¼¶±ğ:WARN  Elastic.Kibana.Log4Net.Controllers.Log4NetController  -ÃèÊö: ²âÊÔÈÕÖ¾
 2021-12-01 18:53:01 Ïß³ÌID:[1] ÈÕÖ¾¼¶±ğ:INFO  Microsoft.Hosting.Lifetime  -ÃèÊö: Hosting environment: Development
 2021-12-01 18:53:02 Ïß³ÌID:[6] ÈÕÖ¾¼¶±ğ:INFO  Elastic.Kibana.Log4Net.Controllers.Log4NetController  -ÃèÊö: JosonRequest /WeatherForecast
 2021-12-01 18:53:02 Ïß³ÌID:[1] ÈÕÖ¾¼¶±ğ:INFO  Microsoft.Hosting.Lifetime  -ÃèÊö: Content root path: E:\Joson\Net.Core\ElasticSearch.Kibana\Joson.ElasticSearch.Kibana\Elastic.Kibana.Log4Net\Elastic.Kibana.Log4Net
 2021-12-01 18:53:02 Ïß³ÌID:[6] ÈÕÖ¾¼¶±ğ:ERROR Elastic.Kibana.Log4Net.Controllers.Log4NetController  -ÃèÊö: request api/values
 System.Exception: ³ö´íÀ²£¡£¡£¡
2021-12-01 18:53:02 Ïß³ÌID:[6] ÈÕÖ¾¼¶±ğ:ERROR Elastic.Kibana.Log4Net.Controllers.Log4NetController  -ÃèÊö: ÕâÊÇÒ»¸ö¼òµ¥ÈÕÖ¾²âÊÔ
 2021-12-01 18:53:02 Ïß³ÌID:[6] ÈÕÖ¾¼¶±ğ:ERROR Elastic.Kibana.Log4Net.Controllers.Log4NetController  -ÃèÊö: ´íÎóĞÅÏ¢ executed at 12/01/2021 10:53:02
 2021-12-01 18:53:03 Ïß³ÌID:[6] ÈÕÖ¾¼¶±ğ:WARN  Elastic.Kibana.Log4Net.Controllers.Log4NetController  -ÃèÊö: ¾¯¸æ; ¸æ½ë; ÌáĞÑ×¢Òâ(¿ÉÄÜ·¢ÉúµÄÊÂ); Ê¹¾¯Ìè; È°¸æ(Ê¹ÓĞËù·À±¸) executed at 12/01/2021 10:53:03
 2021-12-01 18:53:03 Ïß³ÌID:[6] ÈÕÖ¾¼¶±ğ:FATAL Elastic.Kibana.Log4Net.Controllers.Log4NetController  -ÃèÊö: ¹Ø¼üµÄ; ÅúÅĞĞÔµÄ; ÅúÆÀµÄ; ÌôÌŞµÄ; ¼«ÖØÒªµÄ; ÖÁ¹Ø½ôÒªµÄ; ÑÏÖØµÄ; ²»ÎÈ¶¨µÄ; ¿ÉÄÜÓĞÎ£ÏÕµÄ; executed at 12/01/2021 10:53:03
 2021-12-01 18:56:02 Ïß³ÌID:[1] ÈÕÖ¾¼¶±ğ:INFO  Microsoft.Hosting.Lifetime  -ÃèÊö: Application started. Press Ctrl+C to shut down.
 2021-12-01 18:56:03 Ïß³ÌID:[9] ÈÕÖ¾¼¶±ğ:WARN  Elastic.Kibana.Log4Net.Controllers.Log4NetController  -ÃèÊö: ²âÊÔÈÕÖ¾
 2021-12-01 18:56:03 Ïß³ÌID:[1] ÈÕÖ¾¼¶±ğ:INFO  Microsoft.Hosting.Lifetime  -ÃèÊö: Hosting environment: Development
 2021-12-01 18:56:04 Ïß³ÌID:[9] ÈÕÖ¾¼¶±ğ:INFO  Elastic.Kibana.Log4Net.Controllers.Log4NetController  -ÃèÊö: JosonRequest /WeatherForecast
 2021-12-01 18:56:04 Ïß³ÌID:[1] ÈÕÖ¾¼¶±ğ:INFO  Microsoft.Hosting.Lifetime  -ÃèÊö: Content root path: E:\Joson\Net.Core\ElasticSearch.Kibana\Joson.ElasticSearch.Kibana\Elastic.Kibana.Log4Net\Elastic.Kibana.Log4Net
 2021-12-01 18:56:04 Ïß³ÌID:[9] ÈÕÖ¾¼¶±ğ:ERROR Elastic.Kibana.Log4Net.Controllers.Log4NetController  -ÃèÊö: request api/values
 System.Exception: ³ö´íÀ²£¡£¡£¡
2021-12-01 18:56:05 Ïß³ÌID:[9] ÈÕÖ¾¼¶±ğ:ERROR Elastic.Kibana.Log4Net.Controllers.Log4NetController  -ÃèÊö: ÕâÊÇÒ»¸ö¼òµ¥ÈÕÖ¾²âÊÔ
 2021-12-01 18:56:05 Ïß³ÌID:[9] ÈÕÖ¾¼¶±ğ:ERROR Elastic.Kibana.Log4Net.Controllers.Log4NetController  -ÃèÊö: ´íÎóĞÅÏ¢ executed at 12/01/2021 10:56:05
 2021-12-01 18:56:05 Ïß³ÌID:[9] ÈÕÖ¾¼¶±ğ:WARN  Elastic.Kibana.Log4Net.Controllers.Log4NetController  -ÃèÊö: ¾¯¸æ; ¸æ½ë; ÌáĞÑ×¢Òâ(¿ÉÄÜ·¢ÉúµÄÊÂ); Ê¹¾¯Ìè; È°¸æ(Ê¹ÓĞËù·À±¸) executed at 12/01/2021 10:56:05
 2021-12-01 18:56:05 Ïß³ÌID:[9] ÈÕÖ¾¼¶±ğ:FATAL Elastic.Kibana.Log4Net.Controllers.Log4NetController  -ÃèÊö: ¹Ø¼üµÄ; ÅúÅĞĞÔµÄ; ÅúÆÀµÄ; ÌôÌŞµÄ; ¼«ÖØÒªµÄ; ÖÁ¹Ø½ôÒªµÄ; ÑÏÖØµÄ; ²»ÎÈ¶¨µÄ; ¿ÉÄÜÓĞÎ£ÏÕµÄ; executed at 12/01/2021 10:56:05
 2021-12-01 19:01:26 çº¿ç¨‹ID:[1] æ—¥å¿—çº§åˆ«:INFO  Microsoft.Hosting.Lifetime  -æè¿°: Application started. Press Ctrl+C to shut down.
 2021-12-01 19:01:26 çº¿ç¨‹ID:[1] æ—¥å¿—çº§åˆ«:INFO  Microsoft.Hosting.Lifetime  -æè¿°: Hosting environment: Development
 2021-12-01 19:01:26 çº¿ç¨‹ID:[1] æ—¥å¿—çº§åˆ«:INFO  Microsoft.Hosting.Lifetime  -æè¿°: Content root path: E:\Joson\Net.Core\ElasticSearch.Kibana\Joson.ElasticSearch.Kibana\Elastic.Kibana.Log4Net\Elastic.Kibana.Log4Net
 2021-12-01 19:01:26 çº¿ç¨‹ID:[4] æ—¥å¿—çº§åˆ«:WARN  Elastic.Kibana.Log4Net.Controllers.Log4NetController  -æè¿°: æµ‹è¯•æ—¥å¿—
 2021-12-01 19:01:28 çº¿ç¨‹ID:[4] æ—¥å¿—çº§åˆ«:INFO  Elastic.Kibana.Log4Net.Controllers.Log4NetController  -æè¿°: JosonRequest /WeatherForecast
 2021-12-01 19:01:28 çº¿ç¨‹ID:[4] æ—¥å¿—çº§åˆ«:ERROR Elastic.Kibana.Log4Net.Controllers.Log4NetController  -æè¿°: request api/values
 System.Exception: å‡ºé”™å•¦ï¼ï¼ï¼
2021-12-01 19:01:28 çº¿ç¨‹ID:[4] æ—¥å¿—çº§åˆ«:ERROR Elastic.Kibana.Log4Net.Controllers.Log4NetController  -æè¿°: è¿™æ˜¯ä¸€ä¸ªç®€å•æ—¥å¿—æµ‹è¯•
 2021-12-01 19:01:28 çº¿ç¨‹ID:[4] æ—¥å¿—çº§åˆ«:ERROR Elastic.Kibana.Log4Net.Controllers.Log4NetController  -æè¿°: é”™è¯¯ä¿¡æ¯ executed at 12/01/2021 11:01:28
 2021-12-01 19:01:28 çº¿ç¨‹ID:[4] æ—¥å¿—çº§åˆ«:WARN  Elastic.Kibana.Log4Net.Controllers.Log4NetController  -æè¿°: è­¦å‘Š; å‘Šè¯«; æé†’æ³¨æ„(å¯èƒ½å‘ç”Ÿçš„äº‹); ä½¿è­¦æƒ•; åŠå‘Š(ä½¿æœ‰æ‰€é˜²å¤‡) executed at 12/01/2021 11:01:28
 2021-12-01 19:01:28 çº¿ç¨‹ID:[4] æ—¥å¿—çº§åˆ«:FATAL Elastic.Kibana.Log4Net.Controllers.Log4NetController  -æè¿°: å…³é”®çš„; æ‰¹åˆ¤æ€§çš„; æ‰¹è¯„çš„; æŒ‘å‰”çš„; æé‡è¦çš„; è‡³å…³ç´§è¦çš„; ä¸¥é‡çš„; ä¸ç¨³å®šçš„; å¯èƒ½æœ‰å±é™©çš„; executed at 12/01/2021 11:01:28
 2021-12-01 19:01:51 çº¿ç¨‹ID:[11] æ—¥å¿—çº§åˆ«:WARN  Elastic.Kibana.Log4Net.Controllers.Log4NetController  -æè¿°: æµ‹è¯•æ—¥å¿—
 2021-12-01 19:01:52 çº¿ç¨‹ID:[11] æ—¥å¿—çº§åˆ«:INFO  Elastic.Kibana.Log4Net.Controllers.Log4NetController  -æè¿°: JosonRequest /WeatherForecast
 2021-12-01 19:01:52 çº¿ç¨‹ID:[11] æ—¥å¿—çº§åˆ«:ERROR Elastic.Kibana.Log4Net.Controllers.Log4NetController  -æè¿°: request api/values
 System.Exception: å‡ºé”™å•¦ï¼ï¼ï¼
2021-12-01 19:01:52 çº¿ç¨‹ID:[11] æ—¥å¿—çº§åˆ«:ERROR Elastic.Kibana.Log4Net.Controllers.Log4NetController  -æè¿°: è¿™æ˜¯ä¸€ä¸ªç®€å•æ—¥å¿—æµ‹è¯•
 2021-12-01 19:01:52 çº¿ç¨‹ID:[11] æ—¥å¿—çº§åˆ«:ERROR Elastic.Kibana.Log4Net.Controllers.Log4NetController  -æè¿°: é”™è¯¯ä¿¡æ¯ executed at 12/01/2021 11:01:52
 2021-12-01 19:01:52 çº¿ç¨‹ID:[11] æ—¥å¿—çº§åˆ«:WARN  Elastic.Kibana.Log4Net.Controllers.Log4NetController  -æè¿°: è­¦å‘Š; å‘Šè¯«; æé†’æ³¨æ„(å¯èƒ½å‘ç”Ÿçš„äº‹); ä½¿è­¦æƒ•; åŠå‘Š(ä½¿æœ‰æ‰€é˜²å¤‡) executed at 12/01/2021 11:01:52
 2021-12-01 19:01:52 çº¿ç¨‹ID:[11] æ—¥å¿—çº§åˆ«:FATAL Elastic.Kibana.Log4Net.Controllers.Log4NetController  -æè¿°: å…³é”®çš„; æ‰¹åˆ¤æ€§çš„; æ‰¹è¯„çš„; æŒ‘å‰”çš„; æé‡è¦çš„; è‡³å…³ç´§è¦çš„; ä¸¥é‡çš„; ä¸ç¨³å®šçš„; å¯èƒ½æœ‰å±é™©çš„; executed at 12/01/2021 11:01:52
 2021-12-01 19:05:17 Ïß³ÌID:[1] ÈÕÖ¾¼¶±ğ:INFO  Microsoft.Hosting.Lifetime  -ÃèÊö: Application started. Press Ctrl+C to shut down.
 2021-12-01 19:05:17 Ïß³ÌID:[10] ÈÕÖ¾¼¶±ğ:WARN  Elastic.Kibana.Log4Net.Controllers.Log4NetController  -ÃèÊö: ²âÊÔÈÕÖ¾
 2021-12-01 19:05:17 Ïß³ÌID:[1] ÈÕÖ¾¼¶±ğ:INFO  Microsoft.Hosting.Lifetime  -ÃèÊö: Hosting environment: Development
 2021-12-01 19:05:19 Ïß³ÌID:[10] ÈÕÖ¾¼¶±ğ:INFO  Elastic.Kibana.Log4Net.Controllers.Log4NetController  -ÃèÊö: JosonRequest /WeatherForecast
 2021-12-01 19:05:19 Ïß³ÌID:[1] ÈÕÖ¾¼¶±ğ:INFO  Microsoft.Hosting.Lifetime  -ÃèÊö: Content root path: E:\Joson\Net.Core\ElasticSearch.Kibana\Joson.ElasticSearch.Kibana\Elastic.Kibana.Log4Net\Elastic.Kibana.Log4Net
 2021-12-01 19:05:19 Ïß³ÌID:[10] ÈÕÖ¾¼¶±ğ:ERROR Elastic.Kibana.Log4Net.Controllers.Log4NetController  -ÃèÊö: request api/values
 System.Exception: ³ö´íÀ²£¡£¡£¡
2021-12-01 19:05:19 Ïß³ÌID:[10] ÈÕÖ¾¼¶±ğ:ERROR Elastic.Kibana.Log4Net.Controllers.Log4NetController  -ÃèÊö: ÕâÊÇÒ»¸ö¼òµ¥ÈÕÖ¾²âÊÔ
 2021-12-01 19:05:20 Ïß³ÌID:[10] ÈÕÖ¾¼¶±ğ:ERROR Elastic.Kibana.Log4Net.Controllers.Log4NetController  -ÃèÊö: ´íÎóĞÅÏ¢ executed at 12/01/2021 11:05:20
 2021-12-01 19:05:20 Ïß³ÌID:[10] ÈÕÖ¾¼¶±ğ:WARN  Elastic.Kibana.Log4Net.Controllers.Log4NetController  -ÃèÊö: ¾¯¸æ; ¸æ½ë; ÌáĞÑ×¢Òâ(¿ÉÄÜ·¢ÉúµÄÊÂ); Ê¹¾¯Ìè; È°¸æ(Ê¹ÓĞËù·À±¸) executed at 12/01/2021 11:05:20
 2021-12-01 19:05:21 Ïß³ÌID:[10] ÈÕÖ¾¼¶±ğ:FATAL Elastic.Kibana.Log4Net.Controllers.Log4NetController  -ÃèÊö: ¹Ø¼üµÄ; ÅúÅĞĞÔµÄ; ÅúÆÀµÄ; ÌôÌŞµÄ; ¼«ÖØÒªµÄ; ÖÁ¹Ø½ôÒªµÄ; ÑÏÖØµÄ; ²»ÎÈ¶¨µÄ; ¿ÉÄÜÓĞÎ£ÏÕµÄ; executed at 12/01/2021 11:05:21
 2021-12-01 19:34:38 çº¿ç¨‹ID:[1] æ—¥å¿—çº§åˆ«:INFO  Microsoft.Hosting.Lifetime  -æè¿°: Application started. Press Ctrl+C to shut down.
 2021-12-01 19:34:38 çº¿ç¨‹ID:[1] æ—¥å¿—çº§åˆ«:INFO  Microsoft.Hosting.Lifetime  -æè¿°: Hosting environment: Development
 2021-12-01 19:34:38 çº¿ç¨‹ID:[1] æ—¥å¿—çº§åˆ«:INFO  Microsoft.Hosting.Lifetime  -æè¿°: Content root path: E:\Joson\Net.Core\ElasticSearch.Kibana\Joson.ElasticSearch.Kibana\Elastic.Kibana.Log4Net\Elastic.Kibana.Log4Net
 2021-12-01 19:34:38 çº¿ç¨‹ID:[5] æ—¥å¿—çº§åˆ«:WARN  Elastic.Kibana.Log4Net.Controllers.Log4NetController  -æè¿°: æµ‹è¯•æ—¥å¿—
 2021-12-01 19:34:39 çº¿ç¨‹ID:[5] æ—¥å¿—çº§åˆ«:INFO  Elastic.Kibana.Log4Net.Controllers.Log4NetController  -æè¿°: JosonRequest /WeatherForecast
 2021-12-01 19:34:39 çº¿ç¨‹ID:[5] æ—¥å¿—çº§åˆ«:ERROR Elastic.Kibana.Log4Net.Controllers.Log4NetController  -æè¿°: request api/values
 System.Exception: å‡ºé”™å•¦ï¼ï¼ï¼
2021-12-01 19:34:39 çº¿ç¨‹ID:[5] æ—¥å¿—çº§åˆ«:ERROR Elastic.Kibana.Log4Net.Controllers.Log4NetController  -æè¿°: è¿™æ˜¯ä¸€ä¸ªç®€å•æ—¥å¿—æµ‹è¯•
 2021-12-01 19:34:39 çº¿ç¨‹ID:[5] æ—¥å¿—çº§åˆ«:ERROR Elastic.Kibana.Log4Net.Controllers.Log4NetController  -æè¿°: é”™è¯¯ä¿¡æ¯ executed at 12/01/2021 11:34:39
 2021-12-01 19:34:40 çº¿ç¨‹ID:[5] æ—¥å¿—çº§åˆ«:WARN  Elastic.Kibana.Log4Net.Controllers.Log4NetController  -æè¿°: è­¦å‘Š; å‘Šè¯«; æé†’æ³¨æ„(å¯èƒ½å‘ç”Ÿçš„äº‹); ä½¿è­¦æƒ•; åŠå‘Š(ä½¿æœ‰æ‰€é˜²å¤‡) executed at 12/01/2021 11:34:40
 2021-12-01 19:34:40 çº¿ç¨‹ID:[5] æ—¥å¿—çº§åˆ«:FATAL Elastic.Kibana.Log4Net.Controllers.Log4NetController  -æè¿°: å…³é”®çš„; æ‰¹åˆ¤æ€§çš„; æ‰¹è¯„çš„; æŒ‘å‰”çš„; æé‡è¦çš„; è‡³å…³ç´§è¦çš„; ä¸¥é‡çš„; ä¸ç¨³å®šçš„; å¯èƒ½æœ‰å±é™©çš„; executed at 12/01/2021 11:34:40
 2021-12-01 19:35:12 çº¿ç¨‹ID:[8] æ—¥å¿—çº§åˆ«:WARN  Elastic.Kibana.Log4Net.Controllers.Log4NetController  -æè¿°: æµ‹è¯•æ—¥å¿—
 2021-12-01 19:35:13 çº¿ç¨‹ID:[8] æ—¥å¿—çº§åˆ«:INFO  Elastic.Kibana.Log4Net.Controllers.Log4NetController  -æè¿°: JosonRequest /WeatherForecast
 2021-12-01 19:35:13 çº¿ç¨‹ID:[8] æ—¥å¿—çº§åˆ«:ERROR Elastic.Kibana.Log4Net.Controllers.Log4NetController  -æè¿°: request api/values
 System.Exception: å‡ºé”™å•¦ï¼ï¼ï¼
2021-12-01 19:35:13 çº¿ç¨‹ID:[8] æ—¥å¿—çº§åˆ«:ERROR Elastic.Kibana.Log4Net.Controllers.Log4NetController  -æè¿°: è¿™æ˜¯ä¸€ä¸ªç®€å•æ—¥å¿—æµ‹è¯•
 2021-12-01 19:35:13 çº¿ç¨‹ID:[8] æ—¥å¿—çº§åˆ«:ERROR Elastic.Kibana.Log4Net.Controllers.Log4NetController  -æè¿°: é”™è¯¯ä¿¡æ¯ executed at 12/01/2021 11:35:13
 2021-12-01 19:35:13 çº¿ç¨‹ID:[8] æ—¥å¿—çº§åˆ«:WARN  Elastic.Kibana.Log4Net.Controllers.Log4NetController  -æè¿°: è­¦å‘Š; å‘Šè¯«; æé†’æ³¨æ„(å¯èƒ½å‘ç”Ÿçš„äº‹); ä½¿è­¦æƒ•; åŠå‘Š(ä½¿æœ‰æ‰€é˜²å¤‡) executed at 12/01/2021 11:35:13
 2021-12-01 19:35:13 çº¿ç¨‹ID:[8] æ—¥å¿—çº§åˆ«:FATAL Elastic.Kibana.Log4Net.Controllers.Log4NetController  -æè¿°: å…³é”®çš„; æ‰¹åˆ¤æ€§çš„; æ‰¹è¯„çš„; æŒ‘å‰”çš„; æé‡è¦çš„; è‡³å…³ç´§è¦çš„; ä¸¥é‡çš„; ä¸ç¨³å®šçš„; å¯èƒ½æœ‰å±é™©çš„; executed at 12/01/2021 11:35:13
 2021-12-01 19:35:28 çº¿ç¨‹ID:[4] æ—¥å¿—çº§åˆ«:WARN  Elastic.Kibana.Log4Net.Controllers.Log4NetController  -æè¿°: æµ‹è¯•æ—¥å¿—
 2021-12-01 19:35:30 çº¿ç¨‹ID:[4] æ—¥å¿—çº§åˆ«:INFO  Elastic.Kibana.Log4Net.Controllers.Log4NetController  -æè¿°: JosonRequest /WeatherForecast
 2021-12-01 19:35:30 çº¿ç¨‹ID:[4] æ—¥å¿—çº§åˆ«:ERROR Elastic.Kibana.Log4Net.Controllers.Log4NetController  -æè¿°: request api/values
 System.Exception: å‡ºé”™å•¦ï¼ï¼ï¼
2021-12-01 19:35:30 çº¿ç¨‹ID:[4] æ—¥å¿—çº§åˆ«:ERROR Elastic.Kibana.Log4Net.Controllers.Log4NetController  -æè¿°: è¿™æ˜¯ä¸€ä¸ªç®€å•æ—¥å¿—æµ‹è¯•
 2021-12-01 19:35:30 çº¿ç¨‹ID:[4] æ—¥å¿—çº§åˆ«:ERROR Elastic.Kibana.Log4Net.Controllers.Log4NetController  -æè¿°: é”™è¯¯ä¿¡æ¯ executed at 12/01/2021 11:35:30
 2021-12-01 19:35:30 çº¿ç¨‹ID:[4] æ—¥å¿—çº§åˆ«:WARN  Elastic.Kibana.Log4Net.Controllers.Log4NetController  -æè¿°: è­¦å‘Š; å‘Šè¯«; æé†’æ³¨æ„(å¯èƒ½å‘ç”Ÿçš„äº‹); ä½¿è­¦æƒ•; åŠå‘Š(ä½¿æœ‰æ‰€é˜²å¤‡) executed at 12/01/2021 11:35:30
 2021-12-01 19:35:30 çº¿ç¨‹ID:[4] æ—¥å¿—çº§åˆ«:FATAL Elastic.Kibana.Log4Net.Controllers.Log4NetController  -æè¿°: å…³é”®çš„; æ‰¹åˆ¤æ€§çš„; æ‰¹è¯„çš„; æŒ‘å‰”çš„; æé‡è¦çš„; è‡³å…³ç´§è¦çš„; ä¸¥é‡çš„; ä¸ç¨³å®šçš„; å¯èƒ½æœ‰å±é™©çš„; executed at 12/01/2021 11:35:30
 2021-12-01 19:36:40 çº¿ç¨‹ID:[40] æ—¥å¿—çº§åˆ«:WARN  Elastic.Kibana.Log4Net.Controllers.Log4NetController  -æè¿°: æµ‹è¯•æ—¥å¿—
 2021-12-01 19:36:41 çº¿ç¨‹ID:[40] æ—¥å¿—çº§åˆ«:INFO  Elastic.Kibana.Log4Net.Controllers.Log4NetController  -æè¿°: JosonRequest /WeatherForecast
 2021-12-01 19:36:41 çº¿ç¨‹ID:[40] æ—¥å¿—çº§åˆ«:ERROR Elastic.Kibana.Log4Net.Controllers.Log4NetController  -æè¿°: request api/values
 System.Exception: å‡ºé”™å•¦ï¼ï¼ï¼
2021-12-01 19:36:41 çº¿ç¨‹ID:[40] æ—¥å¿—çº§åˆ«:ERROR Elastic.Kibana.Log4Net.Controllers.Log4NetController  -æè¿°: è¿™æ˜¯ä¸€ä¸ªç®€å•æ—¥å¿—æµ‹è¯•
 2021-12-01 19:36:41 çº¿ç¨‹ID:[40] æ—¥å¿—çº§åˆ«:ERROR Elastic.Kibana.Log4Net.Controllers.Log4NetController  -æè¿°: é”™è¯¯ä¿¡æ¯ executed at 12/01/2021 11:36:41
 2021-12-01 19:36:41 çº¿ç¨‹ID:[40] æ—¥å¿—çº§åˆ«:WARN  Elastic.Kibana.Log4Net.Controllers.Log4NetController  -æè¿°: è­¦å‘Š; å‘Šè¯«; æé†’æ³¨æ„(å¯èƒ½å‘ç”Ÿçš„äº‹); ä½¿è­¦æƒ•; åŠå‘Š(ä½¿æœ‰æ‰€é˜²å¤‡) executed at 12/01/2021 11:36:41
 2021-12-01 19:36:41 çº¿ç¨‹ID:[40] æ—¥å¿—çº§åˆ«:FATAL Elastic.Kibana.Log4Net.Controllers.Log4NetController  -æè¿°: å…³é”®çš„; æ‰¹åˆ¤æ€§çš„; æ‰¹è¯„çš„; æŒ‘å‰”çš„; æé‡è¦çš„; è‡³å…³ç´§è¦çš„; ä¸¥é‡çš„; ä¸ç¨³å®šçš„; å¯èƒ½æœ‰å±é™©çš„; executed at 12/01/2021 11:36:41
 2021-12-01 20:01:05 Ïß³ÌID:[1] ÈÕÖ¾¼¶±ğ:INFO  Microsoft.Hosting.Lifetime  -ÃèÊö: Application started. Press Ctrl+C to shut down.
 2021-12-01 20:01:18 Ïß³ÌID:[8] ÈÕÖ¾¼¶±ğ:WARN  Elastic.Kibana.Log4Net.Controllers.Log4NetController  -ÃèÊö: ²âÊÔÈÕÖ¾
 2021-12-01 20:01:18 Ïß³ÌID:[1] ÈÕÖ¾¼¶±ğ:INFO  Microsoft.Hosting.Lifetime  -ÃèÊö: Hosting environment: Development
 2021-12-01 20:01:19 Ïß³ÌID:[8] ÈÕÖ¾¼¶±ğ:INFO  Elastic.Kibana.Log4Net.Controllers.Log4NetController  -ÃèÊö: JosonRequest /WeatherForecast
 2021-12-01 20:01:19 Ïß³ÌID:[1] ÈÕÖ¾¼¶±ğ:INFO  Microsoft.Hosting.Lifetime  -ÃèÊö: Content root path: E:\Joson\Net.Core\ElasticSearch.Kibana\Joson.ElasticSearch.Kibana\Elastic.Kibana.Log4Net\Elastic.Kibana.Log4Net
 2021-12-01 20:01:19 Ïß³ÌID:[8] ÈÕÖ¾¼¶±ğ:ERROR Elastic.Kibana.Log4Net.Controllers.Log4NetController  -ÃèÊö: request api/values
 System.Exception: ³ö´íÀ²£¡£¡£¡
2021-12-01 20:01:20 Ïß³ÌID:[8] ÈÕÖ¾¼¶±ğ:ERROR Elastic.Kibana.Log4Net.Controllers.Log4NetController  -ÃèÊö: ÕâÊÇÒ»¸ö¼òµ¥ÈÕÖ¾²âÊÔ
 2021-12-01 20:01:20 Ïß³ÌID:[8] ÈÕÖ¾¼¶±ğ:ERROR Elastic.Kibana.Log4Net.Controllers.Log4NetController  -ÃèÊö: ´íÎóĞÅÏ¢ executed at 12/01/2021 12:01:20
 2021-12-01 20:01:20 Ïß³ÌID:[8] ÈÕÖ¾¼¶±ğ:WARN  Elastic.Kibana.Log4Net.Controllers.Log4NetController  -ÃèÊö: ¾¯¸æ; ¸æ½ë; ÌáĞÑ×¢Òâ(¿ÉÄÜ·¢ÉúµÄÊÂ); Ê¹¾¯Ìè; È°¸æ(Ê¹ÓĞËù·À±¸) executed at 12/01/2021 12:01:20
 2021-12-01 20:01:20 Ïß³ÌID:[8] ÈÕÖ¾¼¶±ğ:FATAL Elastic.Kibana.Log4Net.Controllers.Log4NetController  -ÃèÊö: ¹Ø¼üµÄ; ÅúÅĞĞÔµÄ; ÅúÆÀµÄ; ÌôÌŞµÄ; ¼«ÖØÒªµÄ; ÖÁ¹Ø½ôÒªµÄ; ÑÏÖØµÄ; ²»ÎÈ¶¨µÄ; ¿ÉÄÜÓĞÎ£ÏÕµÄ; executed at 12/01/2021 12:01:20
 2021-12-01 20:04:37 Ïß³ÌID:[1] ÈÕÖ¾¼¶±ğ:INFO  Microsoft.Hosting.Lifetime  -ÃèÊö: Application started. Press Ctrl+C to shut down.
 2021-12-01 20:04:56 Ïß³ÌID:[10] ÈÕÖ¾¼¶±ğ:WARN  Elastic.Kibana.Log4Net.Controllers.Log4NetController  -ÃèÊö: ²âÊÔÈÕÖ¾
 2021-12-01 20:04:56 Ïß³ÌID:[1] ÈÕÖ¾¼¶±ğ:INFO  Microsoft.Hosting.Lifetime  -ÃèÊö: Hosting environment: Development
 2021-12-01 20:05:02 Ïß³ÌID:[10] ÈÕÖ¾¼¶±ğ:INFO  Elastic.Kibana.Log4Net.Controllers.Log4NetController  -ÃèÊö: JosonRequest /WeatherForecast
 2021-12-01 20:05:02 Ïß³ÌID:[1] ÈÕÖ¾¼¶±ğ:INFO  Microsoft.Hosting.Lifetime  -ÃèÊö: Content root path: E:\Joson\Net.Core\ElasticSearch.Kibana\Joson.ElasticSearch.Kibana\Elastic.Kibana.Log4Net\Elastic.Kibana.Log4Net
 2021-12-01 20:05:02 Ïß³ÌID:[10] ÈÕÖ¾¼¶±ğ:ERROR Elastic.Kibana.Log4Net.Controllers.Log4NetController  -ÃèÊö: request api/values
 System.Exception: ³ö´íÀ²£¡£¡£¡
2021-12-01 20:05:02 Ïß³ÌID:[10] ÈÕÖ¾¼¶±ğ:ERROR Elastic.Kibana.Log4Net.Controllers.Log4NetController  -ÃèÊö: ÕâÊÇÒ»¸ö¼òµ¥ÈÕÖ¾²âÊÔ
 2021-12-01 20:05:02 Ïß³ÌID:[10] ÈÕÖ¾¼¶±ğ:ERROR Elastic.Kibana.Log4Net.Controllers.Log4NetController  -ÃèÊö: ´íÎóĞÅÏ¢ executed at 12/01/2021 12:05:02
 2021-12-01 20:05:03 Ïß³ÌID:[10] ÈÕÖ¾¼¶±ğ:WARN  Elastic.Kibana.Log4Net.Controllers.Log4NetController  -ÃèÊö: ¾¯¸æ; ¸æ½ë; ÌáĞÑ×¢Òâ(¿ÉÄÜ·¢ÉúµÄÊÂ); Ê¹¾¯Ìè; È°¸æ(Ê¹ÓĞËù·À±¸) executed at 12/01/2021 12:05:03
 2021-12-01 20:05:03 Ïß³ÌID:[10] ÈÕÖ¾¼¶±ğ:FATAL Elastic.Kibana.Log4Net.Controllers.Log4NetController  -ÃèÊö: ¹Ø¼üµÄ; ÅúÅĞĞÔµÄ; ÅúÆÀµÄ; ÌôÌŞµÄ; ¼«ÖØÒªµÄ; ÖÁ¹Ø½ôÒªµÄ; ÑÏÖØµÄ; ²»ÎÈ¶¨µÄ; ¿ÉÄÜÓĞÎ£ÏÕµÄ; executed at 12/01/2021 12:05:03
 2021-12-01 20:06:14 Ïß³ÌID:[33] ÈÕÖ¾¼¶±ğ:ERROR Microsoft.AspNetCore.Diagnostics.DeveloperExceptionPageMiddleware  -ÃèÊö: An unhandled exception has occurred while executing the request.
 log4net.Core.LogException: Repository [MeIsTestRepository] is already defined. Repositories cannot be redefined.
   at log4net.Core.DefaultRepositorySelector.CreateRepository(String repositoryName, Type repositoryType)
   at log4net.Core.LoggerManager.CreateRepository(String repository)
   at log4net.LogManager.CreateRepository(String repository)
   at Elastic.Kibana.Log4Net.Controllers.Log4NetController.Get() in E:\Joson\Net.Core\ElasticSearch.Kibana\Joson.ElasticSearch.Kibana\Elastic.Kibana.Log4Net\Elastic.Kibana.Log4Net\Controllers\Log4NetController.cs:line 54
   at lambda_method(Closure , Object , Object[] )
   at Microsoft.Extensions.Internal.ObjectMethodExecutor.Execute(Object target, Object[] parameters)
   at Microsoft.AspNetCore.Mvc.Infrastructure.ActionMethodExecutor.SyncObjectResultExecutor.Execute(IActionResultTypeMapper mapper, ObjectMethodExecutor executor, Object controller, Object[] arguments)
   at Microsoft.AspNetCore.Mvc.Infrastructure.ControllerActionInvoker.InvokeActionMethodAsync()
   at Microsoft.AspNetCore.Mvc.Infrastructure.ControllerActionInvoker.Next(State& next, Scope& scope, Object& state, Boolean& isCompleted)
   at Microsoft.AspNetCore.Mvc.Infrastructure.ControllerActionInvoker.InvokeNextActionFilterAsync()
--- End of stack trace from previous location where exception was thrown ---
   at Microsoft.AspNetCore.Mvc.Infrastructure.ControllerActionInvoker.Rethrow(ActionExecutedContextSealed context)
   at Microsoft.AspNetCore.Mvc.Infrastructure.ControllerActionInvoker.Next(State& next, Scope& scope, Object& state, Boolean& isCompleted)
   at Microsoft.AspNetCore.Mvc.Infrastructure.ControllerActionInvoker.InvokeInnerFilterAsync()
--- End of stack trace from previous location where exception was thrown ---
   at Microsoft.AspNetCore.Mvc.Infrastructure.ResourceInvoker.<InvokeFilterPipelineAsync>g__Awaited|19_0(ResourceInvoker invoker, Task lastTask, State next, Scope scope, Object state, Boolean isCompleted)
   at Microsoft.AspNetCore.Mvc.Infrastructure.ResourceInvoker.<InvokeAsync>g__Awaited|17_0(ResourceInvoker invoker, Task task, IDisposable scope)
   at Microsoft.AspNetCore.Routing.EndpointMiddleware.<Invoke>g__AwaitRequestTask|6_0(Endpoint endpoint, Task requestTask, ILogger logger)
   at Microsoft.AspNetCore.Authorization.AuthorizationMiddleware.Invoke(HttpContext context)
   at Microsoft.AspNetCore.Diagnostics.DeveloperExceptionPageMiddleware.Invoke(HttpContext context)
2021-12-01 20:06:20 Ïß³ÌID:[33] ÈÕÖ¾¼¶±ğ:ERROR Microsoft.AspNetCore.Diagnostics.DeveloperExceptionPageMiddleware  -ÃèÊö: An unhandled exception has occurred while executing the request.
 log4net.Core.LogException: Repository [MeIsTestRepository] is already defined. Repositories cannot be redefined.
   at log4net.Core.DefaultRepositorySelector.CreateRepository(String repositoryName, Type repositoryType)
   at log4net.Core.LoggerManager.CreateRepository(String repository)
   at log4net.LogManager.CreateRepository(String repository)
   at Elastic.Kibana.Log4Net.Controllers.Log4NetController.Get() in E:\Joson\Net.Core\ElasticSearch.Kibana\Joson.ElasticSearch.Kibana\Elastic.Kibana.Log4Net\Elastic.Kibana.Log4Net\Controllers\Log4NetController.cs:line 54
   at lambda_method(Closure , Object , Object[] )
   at Microsoft.Extensions.Internal.ObjectMethodExecutor.Execute(Object target, Object[] parameters)
   at Microsoft.AspNetCore.Mvc.Infrastructure.ActionMethodExecutor.SyncObjectResultExecutor.Execute(IActionResultTypeMapper mapper, ObjectMethodExecutor executor, Object controller, Object[] arguments)
   at Microsoft.AspNetCore.Mvc.Infrastructure.ControllerActionInvoker.InvokeActionMethodAsync()
   at Microsoft.AspNetCore.Mvc.Infrastructure.ControllerActionInvoker.Next(State& next, Scope& scope, Object& state, Boolean& isCompleted)
   at Microsoft.AspNetCore.Mvc.Infrastructure.ControllerActionInvoker.InvokeNextActionFilterAsync()
--- End of stack trace from previous location where exception was thrown ---
   at Microsoft.AspNetCore.Mvc.Infrastructure.ControllerActionInvoker.Rethrow(ActionExecutedContextSealed context)
   at Microsoft.AspNetCore.Mvc.Infrastructure.ControllerActionInvoker.Next(State& next, Scope& scope, Object& state, Boolean& isCompleted)
   at Microsoft.AspNetCore.Mvc.Infrastructure.ControllerActionInvoker.InvokeInnerFilterAsync()
--- End of stack trace from previous location where exception was thrown ---
   at Microsoft.AspNetCore.Mvc.Infrastructure.ResourceInvoker.<InvokeFilterPipelineAsync>g__Awaited|19_0(ResourceInvoker invoker, Task lastTask, State next, Scope scope, Object state, Boolean isCompleted)
   at Microsoft.AspNetCore.Mvc.Infrastructure.ResourceInvoker.<InvokeAsync>g__Awaited|17_0(ResourceInvoker invoker, Task task, IDisposable scope)
   at Microsoft.AspNetCore.Routing.EndpointMiddleware.<Invoke>g__AwaitRequestTask|6_0(Endpoint endpoint, Task requestTask, ILogger logger)
   at Microsoft.AspNetCore.Authorization.AuthorizationMiddleware.Invoke(HttpContext context)
   at Microsoft.AspNetCore.Diagnostics.DeveloperExceptionPageMiddleware.Invoke(HttpContext context)
2021-12-01 20:06:37 Ïß³ÌID:[33] ÈÕÖ¾¼¶±ğ:ERROR Microsoft.AspNetCore.Diagnostics.DeveloperExceptionPageMiddleware  -ÃèÊö: An unhandled exception has occurred while executing the request.
 log4net.Core.LogException: Repository [MeIsTestRepository] is already defined. Repositories cannot be redefined.
   at log4net.Core.DefaultRepositorySelector.CreateRepository(String repositoryName, Type repositoryType)
   at log4net.Core.LoggerManager.CreateRepository(String repository)
   at log4net.LogManager.CreateRepository(String repository)
   at Elastic.Kibana.Log4Net.Controllers.Log4NetController.Get() in E:\Joson\Net.Core\ElasticSearch.Kibana\Joson.ElasticSearch.Kibana\Elastic.Kibana.Log4Net\Elastic.Kibana.Log4Net\Controllers\Log4NetController.cs:line 54
   at lambda_method(Closure , Object , Object[] )
   at Microsoft.Extensions.Internal.ObjectMethodExecutor.Execute(Object target, Object[] parameters)
   at Microsoft.AspNetCore.Mvc.Infrastructure.ActionMethodExecutor.SyncObjectResultExecutor.Execute(IActionResultTypeMapper mapper, ObjectMethodExecutor executor, Object controller, Object[] arguments)
   at Microsoft.AspNetCore.Mvc.Infrastructure.ControllerActionInvoker.InvokeActionMethodAsync()
   at Microsoft.AspNetCore.Mvc.Infrastructure.ControllerActionInvoker.Next(State& next, Scope& scope, Object& state, Boolean& isCompleted)
   at Microsoft.AspNetCore.Mvc.Infrastructure.ControllerActionInvoker.InvokeNextActionFilterAsync()
--- End of stack trace from previous location where exception was thrown ---
   at Microsoft.AspNetCore.Mvc.Infrastructure.ControllerActionInvoker.Rethrow(ActionExecutedContextSealed context)
   at Microsoft.AspNetCore.Mvc.Infrastructure.ControllerActionInvoker.Next(State& next, Scope& scope, Object& state, Boolean& isCompleted)
   at Microsoft.AspNetCore.Mvc.Infrastructure.ControllerActionInvoker.InvokeInnerFilterAsync()
--- End of stack trace from previous location where exception was thrown ---
   at Microsoft.AspNetCore.Mvc.Infrastructure.ResourceInvoker.<InvokeFilterPipelineAsync>g__Awaited|19_0(ResourceInvoker invoker, Task lastTask, State next, Scope scope, Object state, Boolean isCompleted)
   at Microsoft.AspNetCore.Mvc.Infrastructure.ResourceInvoker.<InvokeAsync>g__Awaited|17_0(ResourceInvoker invoker, Task task, IDisposable scope)
   at Microsoft.AspNetCore.Routing.EndpointMiddleware.<Invoke>g__AwaitRequestTask|6_0(Endpoint endpoint, Task requestTask, ILogger logger)
   at Microsoft.AspNetCore.Authorization.AuthorizationMiddleware.Invoke(HttpContext context)
   at Microsoft.AspNetCore.Diagnostics.DeveloperExceptionPageMiddleware.Invoke(HttpContext context)
2021-12-01 20:06:44 Ïß³ÌID:[33] ÈÕÖ¾¼¶±ğ:INFO  Elastic.Kibana.Log4Net.Controllers.Log4NetController  -ÃèÊö: JosonRequest /WeatherForecast
 2021-12-01 20:06:44 Ïß³ÌID:[33] ÈÕÖ¾¼¶±ğ:ERROR Elastic.Kibana.Log4Net.Controllers.Log4NetController  -ÃèÊö: request api/values
 System.Exception: ³ö´íÀ²£¡£¡£¡
2021-12-01 20:06:45 Ïß³ÌID:[33] ÈÕÖ¾¼¶±ğ:ERROR Elastic.Kibana.Log4Net.Controllers.Log4NetController  -ÃèÊö: ÕâÊÇÒ»¸ö¼òµ¥ÈÕÖ¾²âÊÔ
 2021-12-01 20:06:45 Ïß³ÌID:[33] ÈÕÖ¾¼¶±ğ:ERROR Elastic.Kibana.Log4Net.Controllers.Log4NetController  -ÃèÊö: ´íÎóĞÅÏ¢ executed at 12/01/2021 12:06:45
 2021-12-01 20:06:46 Ïß³ÌID:[33] ÈÕÖ¾¼¶±ğ:WARN  Elastic.Kibana.Log4Net.Controllers.Log4NetController  -ÃèÊö: ¾¯¸æ; ¸æ½ë; ÌáĞÑ×¢Òâ(¿ÉÄÜ·¢ÉúµÄÊÂ); Ê¹¾¯Ìè; È°¸æ(Ê¹ÓĞËù·À±¸) executed at 12/01/2021 12:06:46
 2021-12-01 20:06:46 Ïß³ÌID:[33] ÈÕÖ¾¼¶±ğ:FATAL Elastic.Kibana.Log4Net.Controllers.Log4NetController  -ÃèÊö: ¹Ø¼üµÄ; ÅúÅĞĞÔµÄ; ÅúÆÀµÄ; ÌôÌŞµÄ; ¼«ÖØÒªµÄ; ÖÁ¹Ø½ôÒªµÄ; ÑÏÖØµÄ; ²»ÎÈ¶¨µÄ; ¿ÉÄÜÓĞÎ£ÏÕµÄ; executed at 12/01/2021 12:06:46
 2021-12-01 20:07:36 Ïß³ÌID:[43] ÈÕÖ¾¼¶±ğ:WARN  Elastic.Kibana.Log4Net.Controllers.Log4NetController  -ÃèÊö: ²âÊÔÈÕÖ¾
 2021-12-01 20:07:37 Ïß³ÌID:[43] ÈÕÖ¾¼¶±ğ:INFO  Elastic.Kibana.Log4Net.Controllers.Log4NetController  -ÃèÊö: JosonRequest /WeatherForecast
 2021-12-01 20:07:37 Ïß³ÌID:[43] ÈÕÖ¾¼¶±ğ:ERROR Elastic.Kibana.Log4Net.Controllers.Log4NetController  -ÃèÊö: request api/values
 System.Exception: ³ö´íÀ²£¡£¡£¡
2021-12-01 20:07:38 Ïß³ÌID:[43] ÈÕÖ¾¼¶±ğ:ERROR Elastic.Kibana.Log4Net.Controllers.Log4NetController  -ÃèÊö: ÕâÊÇÒ»¸ö¼òµ¥ÈÕÖ¾²âÊÔ
 2021-12-01 20:07:38 Ïß³ÌID:[43] ÈÕÖ¾¼¶±ğ:ERROR Elastic.Kibana.Log4Net.Controllers.Log4NetController  -ÃèÊö: ´íÎóĞÅÏ¢ executed at 12/01/2021 12:07:38
 2021-12-01 20:07:38 Ïß³ÌID:[43] ÈÕÖ¾¼¶±ğ:WARN  Elastic.Kibana.Log4Net.Controllers.Log4NetController  -ÃèÊö: ¾¯¸æ; ¸æ½ë; ÌáĞÑ×¢Òâ(¿ÉÄÜ·¢ÉúµÄÊÂ); Ê¹¾¯Ìè; È°¸æ(Ê¹ÓĞËù·À±¸) executed at 12/01/2021 12:07:38
 2021-12-01 20:07:39 Ïß³ÌID:[43] ÈÕÖ¾¼¶±ğ:FATAL Elastic.Kibana.Log4Net.Controllers.Log4NetController  -ÃèÊö: ¹Ø¼üµÄ; ÅúÅĞĞÔµÄ; ÅúÆÀµÄ; ÌôÌŞµÄ; ¼«ÖØÒªµÄ; ÖÁ¹Ø½ôÒªµÄ; ÑÏÖØµÄ; ²»ÎÈ¶¨µÄ; ¿ÉÄÜÓĞÎ£ÏÕµÄ; executed at 12/01/2021 12:07:39
 2021-12-01 20:08:24 Ïß³ÌID:[58] ÈÕÖ¾¼¶±ğ:ERROR Microsoft.AspNetCore.Diagnostics.DeveloperExceptionPageMiddleware  -ÃèÊö: An unhandled exception has occurred while executing the request.
 log4net.Core.LogException: Repository [MeIRepository] is already defined. Repositories cannot be redefined.
   at log4net.Core.DefaultRepositorySelector.CreateRepository(String repositoryName, Type repositoryType)
   at log4net.Core.LoggerManager.CreateRepository(String repository)
   at log4net.LogManager.CreateRepository(String repository)
   at Elastic.Kibana.Log4Net.Controllers.Log4NetController.Get()
   at lambda_method(Closure , Object , Object[] )
   at Microsoft.Extensions.Internal.ObjectMethodExecutor.Execute(Object target, Object[] parameters)
   at Microsoft.AspNetCore.Mvc.Infrastructure.ActionMethodExecutor.SyncObjectResultExecutor.Execute(IActionResultTypeMapper mapper, ObjectMethodExecutor executor, Object controller, Object[] arguments)
   at Microsoft.AspNetCore.Mvc.Infrastructure.ControllerActionInvoker.InvokeActionMethodAsync()
   at Microsoft.AspNetCore.Mvc.Infrastructure.ControllerActionInvoker.Next(State& next, Scope& scope, Object& state, Boolean& isCompleted)
   at Microsoft.AspNetCore.Mvc.Infrastructure.ControllerActionInvoker.InvokeNextActionFilterAsync()
--- End of stack trace from previous location where exception was thrown ---
   at Microsoft.AspNetCore.Mvc.Infrastructure.ControllerActionInvoker.Rethrow(ActionExecutedContextSealed context)
   at Microsoft.AspNetCore.Mvc.Infrastructure.ControllerActionInvoker.Next(State& next, Scope& scope, Object& state, Boolean& isCompleted)
   at Microsoft.AspNetCore.Mvc.Infrastructure.ControllerActionInvoker.InvokeInnerFilterAsync()
--- End of stack trace from previous location where exception was thrown ---
   at Microsoft.AspNetCore.Mvc.Infrastructure.ResourceInvoker.<InvokeFilterPipelineAsync>g__Awaited|19_0(ResourceInvoker invoker, Task lastTask, State next, Scope scope, Object state, Boolean isCompleted)
   at Microsoft.AspNetCore.Mvc.Infrastructure.ResourceInvoker.<InvokeAsync>g__Awaited|17_0(ResourceInvoker invoker, Task task, IDisposable scope)
   at Microsoft.AspNetCore.Routing.EndpointMiddleware.<Invoke>g__AwaitRequestTask|6_0(Endpoint endpoint, Task requestTask, ILogger logger)
   at Microsoft.AspNetCore.Authorization.AuthorizationMiddleware.Invoke(HttpContext context)
   at Microsoft.AspNetCore.Diagnostics.DeveloperExceptionPageMiddleware.Invoke(HttpContext context)
2021-12-01 20:09:44 Ïß³ÌID:[65] ÈÕÖ¾¼¶±ğ:WARN  Elastic.Kibana.Log4Net.Controllers.Log4NetController  -ÃèÊö: ²âÊÔÈÕÖ¾
 2021-12-01 20:09:45 Ïß³ÌID:[65] ÈÕÖ¾¼¶±ğ:INFO  Elastic.Kibana.Log4Net.Controllers.Log4NetController  -ÃèÊö: JosonRequest /WeatherForecast
 2021-12-01 20:09:45 Ïß³ÌID:[65] ÈÕÖ¾¼¶±ğ:ERROR Elastic.Kibana.Log4Net.Controllers.Log4NetController  -ÃèÊö: request api/values
 System.Exception: ³ö´íÀ²£¡£¡£¡
2021-12-01 20:09:46 Ïß³ÌID:[65] ÈÕÖ¾¼¶±ğ:ERROR Elastic.Kibana.Log4Net.Controllers.Log4NetController  -ÃèÊö: ÕâÊÇÒ»¸ö¼òµ¥ÈÕÖ¾²âÊÔ
 2021-12-01 20:09:46 Ïß³ÌID:[65] ÈÕÖ¾¼¶±ğ:ERROR Elastic.Kibana.Log4Net.Controllers.Log4NetController  -ÃèÊö: ´íÎóĞÅÏ¢ executed at 12/01/2021 12:09:46
 2021-12-01 20:09:47 Ïß³ÌID:[65] ÈÕÖ¾¼¶±ğ:WARN  Elastic.Kibana.Log4Net.Controllers.Log4NetController  -ÃèÊö: ¾¯¸æ; ¸æ½ë; ÌáĞÑ×¢Òâ(¿ÉÄÜ·¢ÉúµÄÊÂ); Ê¹¾¯Ìè; È°¸æ(Ê¹ÓĞËù·À±¸) executed at 12/01/2021 12:09:47
 2021-12-01 20:09:47 Ïß³ÌID:[65] ÈÕÖ¾¼¶±ğ:FATAL Elastic.Kibana.Log4Net.Controllers.Log4NetController  -ÃèÊö: ¹Ø¼üµÄ; ÅúÅĞĞÔµÄ; ÅúÆÀµÄ; ÌôÌŞµÄ; ¼«ÖØÒªµÄ; ÖÁ¹Ø½ôÒªµÄ; ÑÏÖØµÄ; ²»ÎÈ¶¨µÄ; ¿ÉÄÜÓĞÎ£ÏÕµÄ; executed at 12/01/2021 12:09:47
 